-3716.574256 -181.356356 count=1
-3304.814612 -175.714324 count=2
-3207.739186 -168.261697 count=3
-3054.870259 -168.625758 count=4
-2882.133857 -166.686218 count=5
-2845.723783 -170.972086 count=6
-2756.320875 -175.880947 count=7
-2752.488277 -171.980883 count=8
-2684.984788 -166.819434 count=9
-2618.096052 -165.995763 count=10
-2602.190602 -163.777498 count=11
-2571.466593 -162.560909 count=12
-2562.325942 -163.185690 count=13
-2549.369162 -159.495220 count=14
-2541.869313 -152.835309 count=15
-2536.547742 -158.134591 count=16
-2507.276373 -155.416492 count=17
-2496.365747 -153.160211 count=18
-2475.765823 -151.819008 count=19
-2471.882096 -154.796565 count=20
-2442.387511 -153.436148 count=21
-2440.807518 -154.383061 count=22
-2421.518124 -151.260858 count=23
-2352.846584 -157.763460 count=24
-2322.770919 -154.070710 count=25
-2324.360134 -149.240270 count=26
-2298.160326 -149.858108 count=27
-2299.019380 -148.292032 count=28
-2290.060775 -144.594533 count=29
-2289.278591 -143.887517 count=30
-2291.166048 -141.871495 count=31
-2275.233670 -147.076074 count=32
-2269.941549 -147.146853 count=33
-2258.918828 -152.934282 count=34
-2235.132442 -150.268304 count=35
-2212.955275 -145.964483 count=36
-2211.950431 -142.475971 count=37
-2199.132227 -148.131941 count=38
-2186.231758 -143.701869 count=39
-2174.277866 -142.106434 count=40
-2173.371348 -136.562110 count=41
-2160.902826 -144.489056 count=42
-2160.440696 -141.465639 count=43
-2159.324634 -137.250870 count=44
-2157.965399 -135.430298 count=45
-2159.363181 -131.485417 count=46
-2165.521338 -126.277640 count=47
-2161.301256 -128.069585 count=48
-2161.157974 -124.493659 count=49
-2154.464711 -122.174602 count=50
-2157.729077 -118.562975 count=51
-2156.520362 -117.707141 count=52
-2145.845247 -119.830558 count=53
-2133.978822 -121.567023 count=54
-2132.507067 -121.749908 count=55
-2125.360952 -120.642832 count=56
-2126.746671 -119.952620 count=57
-2112.346520 -122.414917 count=58
-2101.727759 -124.247871 count=59
-2099.854219 -120.478684 count=60
-2087.438993 -119.778738 count=61
-2082.555770 -118.801307 count=62
-2073.929508 -121.782584 count=63
-2071.700129 -123.775189 count=64
-2076.291156 -121.803245 count=65
-2075.090481 -118.747677 count=66
-2070.190607 -121.522306 count=67
-2070.591354 -120.605229 count=68
-2066.840819 -120.524416 count=69
-2067.586811 -116.039315 count=70
-2057.558140 -120.787256 count=71
-2057.759512 -118.899263 count=72
-2057.830216 -119.306145 count=73
-2055.242575 -118.340722 count=74
-2050.303796 -119.067443 count=75
-2042.038047 -118.967189 count=76
-2007.925567 -117.306186 count=77
-2000.768355 -119.814656 count=78
-1997.534825 -118.974512 count=79
-1997.508194 -117.504900 count=80
-1993.228718 -116.123390 count=81
-1991.632613 -116.201258 count=82
-1986.556150 -115.886045 count=83
-1984.294248 -116.522913 count=84
-1976.668637 -114.451165 count=85
-1979.327633 -114.302856 count=86
-1975.240784 -114.941558 count=87
-1971.000082 -115.402833 count=88
-1972.783244 -115.103778 count=89
-1971.980588 -114.711205 count=90
-1972.571163 -114.176471 count=91
-1972.962188 -113.840163 count=92
-1971.374846 -114.957992 count=93
-1963.059626 -116.060371 count=94
-1962.389726 -115.352847 count=95
-1963.381646 -115.981203 count=96
-1962.807966 -116.502182 count=97
-1964.503813 -113.887563 count=98
-1959.767386 -116.851795 count=99
-1961.547002 -114.530678 count=100
-1960.770615 -114.252214 count=101
-1956.161294 -115.136046 count=102
-1958.057112 -115.866635 count=103
((((AY001700,AY001693),((AY001697,(AY001691,AY001696)),(AY001681,(((((AY001690,AY001669),((AY001699,AY001666),(((AY001668,AY001684),((AY001688,AY001689),(AY001695,AY001680))),(((AY001685,AY001661),(AY001683,AY001667)),(AY001670,AY001692))))),(AY001665,AY001673)),(AY001662,AY001694)),(AY001674,AY001663))))),(((AY001686,AY001676),(AY001671,AY001687)),AY001672)),((AY001677,AY001678),(AY001675,AY001682)))