-5344.681074 -199.752637 count=1
-4848.117394 -208.210460 count=2
-4713.130333 -196.008242 count=3
-4333.870554 -197.869445 count=4
-4263.266177 -198.027880 count=5
-4030.659630 -195.009365 count=6
-3998.374314 -195.363717 count=7
-3847.102003 -202.235457 count=8
-3800.925840 -193.565479 count=9
-3724.347841 -190.318047 count=10
-3714.036285 -182.016596 count=11
-3695.593807 -182.967798 count=12
-3652.706207 -181.468223 count=13
-3614.200233 -186.685795 count=14
-3615.670090 -179.539145 count=15
-3575.892561 -180.419476 count=16
-3537.255652 -184.206966 count=17
-3522.988991 -182.718063 count=18
-3507.251964 -182.558127 count=19
-3505.718296 -180.426611 count=20
-3469.277205 -185.560566 count=21
-3440.035877 -193.102069 count=22
-3427.599520 -194.505047 count=23
-3409.302942 -185.996322 count=24
-3401.490092 -194.121564 count=25
-3378.976577 -202.841817 count=26
-3380.411999 -201.448436 count=27
-3367.535703 -196.618995 count=28
-3333.366837 -200.009732 count=29
-3323.439386 -194.854659 count=30
-3309.018856 -200.210647 count=31
-3298.065243 -207.046270 count=32
-3301.577025 -200.408644 count=33
-3288.712991 -209.982445 count=34
-3281.019618 -204.154015 count=35
-3258.283383 -201.380670 count=36
-3253.114316 -196.320736 count=37
-3237.131359 -205.514610 count=38
-3231.833351 -197.700619 count=39
-3226.781774 -200.475509 count=40
-3235.694614 -188.487539 count=41
-3239.204210 -179.047573 count=42
-3240.256578 -175.103080 count=43
-3228.340881 -174.016190 count=44
-3232.976885 -166.952283 count=45
-3236.310094 -163.921502 count=46
-3222.328463 -167.459632 count=47
-3227.581353 -162.612013 count=48
-3225.576969 -161.765362 count=49
-3229.508791 -157.012487 count=50
-3229.093598 -153.217245 count=51
-3228.184342 -151.906502 count=52
-3231.397277 -148.504021 count=53
-3201.437842 -151.756971 count=54
-3202.430803 -150.359223 count=55
-3200.088717 -148.992758 count=56
-3197.089628 -149.300028 count=57
-3193.676663 -150.863405 count=58
-3191.358481 -152.914001 count=59
-3173.279036 -153.937637 count=60
-3163.866563 -152.773339 count=61
-3163.783043 -152.783990 count=62
-3156.400894 -152.344636 count=63
-3151.121419 -152.082051 count=64
-3145.509393 -152.331583 count=65
-3146.808726 -150.452193 count=66
-3144.132072 -153.098156 count=67
-3136.413466 -151.350626 count=68
-3134.852626 -149.285614 count=69
-3131.238139 -149.756568 count=70
-3125.633281 -150.784112 count=71
-3113.842939 -152.500087 count=72
-3109.692440 -156.304323 count=73
-3108.923317 -152.660291 count=74
-3101.730789 -153.681130 count=75
-3102.387222 -150.775025 count=76
-3096.275086 -152.646168 count=77
-3087.944872 -150.809784 count=78
-3088.249885 -151.400781 count=79
-3082.441120 -150.746651 count=80
-3079.097280 -153.207651 count=81
-3082.499780 -150.660537 count=82
-3078.120324 -150.973978 count=83
-3071.478569 -149.399776 count=84
((((AY000918,AY000937),(((AY000945,AY000959),((AY000960,AY000948),(AY000931,AY000951))),((AY000944,AY000922),(AY000955,AY000946)))),((((AY000919,AY000939),((AY000942,AY000950),(((AY000917,AY000923),((AY000929,AY000943),((((AY000949,AY000920),(AY000938,(AY000934,AY000958))),((AY000926,AY000936),AY000941)),(((AY000940,AY000953),(AY000925,AY000930)),((AY000932,AY000957),(AY000913,AY000956)))))),(AY000928,AY000952)))),(AY000924,(AY000954,AY000916))),(AY000935,AY000921))),(AY000947,(AY000915,AY000927)))