-8631.005763 -230.512882 count=1
-6723.424882 -223.647285 count=2
-6654.196009 -222.705953 count=3
-6600.092497 -221.340807 count=4
-6464.844520 -218.032917 count=5
-6189.082076 -220.034119 count=6
-6048.081079 -209.250632 count=7
-5829.767115 -207.245779 count=8
-5646.633433 -207.394293 count=9
-5645.226635 -202.918625 count=10
-5067.512146 -197.388821 count=11
-5010.398226 -193.487649 count=12
-4932.541104 -195.724757 count=13
-4808.783683 -192.057889 count=14
-4720.966981 -195.638860 count=15
-4543.192996 -196.658475 count=16
-4505.231339 -193.233298 count=17
-4241.188678 -201.845213 count=18
-4202.660375 -195.473886 count=19
-4175.291438 -187.372344 count=20
-4128.321318 -195.527758 count=21
-4099.197241 -188.596100 count=22
-4064.376882 -194.134792 count=23
-4051.074996 -187.311779 count=24
-4048.992449 -182.832205 count=25
-3985.502071 -188.803794 count=26
-3993.426136 -182.000183 count=27
-3984.728766 -176.039793 count=28
-3963.443267 -178.826561 count=29
-3936.696540 -172.128732 count=30
-3931.119948 -166.874833 count=31
-3924.349609 -169.476326 count=32
-3912.299762 -171.656682 count=33
-3897.623278 -170.215020 count=34
-3866.425737 -168.940534 count=35
-3862.576961 -166.912909 count=36
-3858.945535 -168.614988 count=37
-3858.312292 -168.681518 count=38
-3842.901966 -173.055466 count=39
-3834.166284 -173.314815 count=40
-3800.896239 -170.834198 count=41
-3806.127974 -168.189804 count=42
-3783.347912 -167.788456 count=43
-3782.348114 -169.158242 count=44
-3780.987460 -166.978954 count=45
-3779.717191 -165.565822 count=46
-3779.632328 -166.963186 count=47
-3720.244583 -170.497765 count=48
-3704.236117 -174.315410 count=49
-3704.992617 -169.259367 count=50
-3701.226963 -172.978012 count=51
-3686.443188 -171.559637 count=52
-3688.806878 -168.842746 count=53
-3672.163937 -171.661069 count=54
-3662.231184 -176.612678 count=55
-3660.590103 -176.073545 count=56
-3662.148754 -171.744621 count=57
-3651.669410 -176.507460 count=58
-3660.501005 -167.919131 count=59
-3646.032312 -168.232710 count=60
-3633.513858 -166.737298 count=61
-3632.792324 -166.444113 count=62
-3622.944839 -168.377684 count=63
-3620.669162 -169.253693 count=64
-3620.451509 -168.615196 count=65
-3621.841905 -166.909517 count=66
-3615.822342 -170.001127 count=67
-3620.115764 -165.570543 count=68
-3616.926814 -167.007031 count=69
-3575.402968 -167.043507 count=70
-3573.710741 -167.340080 count=71
-3564.456857 -168.057416 count=72
-3547.517795 -166.480767 count=73
-3542.032907 -169.633207 count=74
-3540.559130 -166.150778 count=75
-3533.671121 -168.077942 count=76
-3526.949245 -168.279052 count=77
-3525.889437 -168.093124 count=78
-3519.548211 -166.578059 count=79
-3518.723628 -167.734004 count=80
-3508.563388 -167.832989 count=81
-3509.141701 -168.826975 count=82
-3509.230731 -168.474670 count=83
-3490.087083 -165.560550 count=84
-3480.395692 -167.446703 count=85
-3475.252066 -167.861332 count=86
-3459.745999 -167.924146 count=87
-3457.576025 -169.327200 count=88
-3455.577686 -169.967737 count=89
-3440.969920 -169.762850 count=90
-3436.523837 -169.100948 count=91
-3439.378341 -167.875991 count=92
-3435.125978 -169.940023 count=93
-3435.044732 -169.475801 count=94
-3435.191420 -169.400920 count=95
-3428.997615 -169.363647 count=96
-3431.188074 -168.213885 count=97
-3431.192954 -167.478153 count=98
-3430.649727 -168.145108 count=99
-3426.643901 -168.653941 count=100
-3423.540981 -169.716933 count=101
-3425.070321 -166.333941 count=102
-3422.360327 -168.264767 count=103
-3419.082096 -169.501387 count=104
-3412.947613 -170.178518 count=105
-3410.368494 -170.557504 count=106
-3412.486739 -168.188831 count=107
-3411.792023 -168.994527 count=108
-3408.747098 -167.005876 count=109
((((((AY001584,AY001599),((AY001588,(AY001589,AY001614)),(AY001590,(AY001603,AY001581)))),((AY001605,AY001563),((AY001594,(AY001600,AY001609)),(((AY001572,AY001586),((((AY001574,(AY001595,AY001597)),(AY001604,AY001607)),AY001582),(AY001596,AY001585))),((AY001579,AY001592),(AY001615,((AY001611,AY001591),((AY001577,AY001616),(AY001578,AY001601))))))))),((AY001612,AY001608),(((AY001613,AY001575),(AY001583,AY001618)),(AY001606,AY001573)))),(AY001576,AY001602)),(AY001564,(((((AY001598,AY001565),(AY001593,AY001567)),(AY001566,AY001617)),((AY001569,AY001587),(AY001570,AY001580))),AY001571)))