-6893.940103 -224.248194 count=1
-6104.626180 -218.184305 count=2
-5070.315111 -208.402353 count=3
-4766.951881 -214.330143 count=4
-4539.958925 -212.894573 count=5
-4266.691936 -216.962540 count=6
-4157.771149 -227.479258 count=7
-4085.506621 -231.933530 count=8
-4074.766057 -232.782578 count=9
-4050.052207 -243.556910 count=10
-4053.201941 -235.801963 count=11
-4054.383059 -232.749592 count=12
-4048.721289 -224.155416 count=13
-4039.901940 -228.183393 count=14
-4026.451270 -217.992706 count=15
-4022.994779 -213.841613 count=16
-3956.655749 -219.556870 count=17
-3943.429558 -213.384407 count=18
-3944.020934 -212.744886 count=19
-3925.041056 -212.401937 count=20
-3892.696114 -220.425289 count=21
-3891.076725 -216.208198 count=22
-3885.353139 -215.718936 count=23
-3860.218047 -206.727433 count=24
-3862.585781 -200.314160 count=25
-3855.090764 -196.790415 count=26
-3819.472246 -191.224078 count=27
-3815.542561 -192.687292 count=28
-3812.536474 -194.844831 count=29
-3809.207802 -187.887545 count=30
-3796.747754 -190.665706 count=31
-3797.264505 -184.756223 count=32
-3767.631357 -192.714227 count=33
-3770.937756 -184.485697 count=34
-3750.322640 -181.638406 count=35
-3737.122666 -179.392866 count=36
-3723.907776 -175.891330 count=37
-3714.961084 -181.505549 count=38
-3705.822123 -187.652729 count=39
-3697.151509 -196.192992 count=40
-3659.152649 -202.722201 count=41
-3665.996060 -195.410076 count=42
-3678.235971 -188.826754 count=43
-3686.759124 -179.647852 count=44
-3694.702287 -172.216656 count=45
-3682.190176 -171.259402 count=46
-3665.255490 -169.227477 count=47
-3657.474088 -169.800007 count=48
-3652.678734 -169.989446 count=49
-3651.351115 -169.570291 count=50
-3645.878055 -168.923845 count=51
-3641.103940 -168.175950 count=52
-3634.777909 -168.006638 count=53
-3628.151833 -168.537920 count=54
-3618.703819 -169.884441 count=55
-3608.020210 -168.609453 count=56
-3605.834399 -167.966931 count=57
-3596.688313 -166.521543 count=58
-3595.499346 -167.888612 count=59
-3593.971653 -168.667205 count=60
-3595.856367 -166.461302 count=61
-3596.770841 -167.552884 count=62
-3591.805819 -167.560821 count=63
-3589.532847 -166.847217 count=64
-3589.054180 -167.456545 count=65
-3582.815823 -167.956972 count=66
-3575.910439 -166.363017 count=67
-3576.610902 -165.353144 count=68
-3572.107312 -164.649254 count=69
-3564.783518 -165.656934 count=70
-3539.942660 -167.179300 count=71
-3524.304404 -166.684223 count=72
-3519.868352 -163.671031 count=73
-3513.970038 -165.847545 count=74
-3513.937630 -166.051463 count=75
-3505.862220 -167.151655 count=76
-3509.402026 -168.012173 count=77
-3511.998076 -164.630687 count=78
-3509.909263 -167.612381 count=79
-3501.736325 -167.061389 count=80
-3478.273014 -166.945360 count=81
-3475.941756 -165.008072 count=82
-3469.134637 -167.384246 count=83
-3469.225869 -167.349643 count=84
-3464.315335 -165.025517 count=85
-3454.893370 -166.690706 count=86
-3455.348302 -167.088004 count=87
-3444.826092 -168.044663 count=88
-3417.477965 -168.096637 count=89
-3413.706251 -167.014096 count=90
-3406.767278 -166.875738 count=91
-3405.471045 -166.711121 count=92
-3370.343766 -166.989645 count=93
-3358.959235 -168.147758 count=94
-3363.208006 -164.650292 count=95
-3362.682326 -163.394785 count=96
-3356.079067 -165.060939 count=97
-3357.566383 -165.429195 count=98
-3357.212552 -166.886645 count=99
-3348.153753 -166.274453 count=100
-3349.962827 -165.093699 count=101
-3350.313843 -163.698833 count=102
-3337.224111 -164.905529 count=103
-3336.948910 -165.397340 count=104
-3336.369586 -167.205154 count=105
-3338.889774 -165.291596 count=106
-3326.894308 -166.797945 count=107
-3320.950255 -166.420051 count=108
-3320.294260 -165.218716 count=109
-3318.588303 -165.189874 count=110
-3319.320053 -162.866391 count=111
-3303.087039 -165.303627 count=112
-3303.199376 -166.292388 count=113
-3304.175591 -163.990282 count=114
-3302.118930 -166.975196 count=115
-3302.321156 -166.713379 count=116
-3306.212454 -163.923162 count=117
-3302.430864 -166.752179 count=118
-3299.630841 -166.264665 count=119
-3299.090640 -165.983969 count=120
-3297.713557 -166.023852 count=121
-3297.963629 -165.467456 count=122
-3300.154504 -164.660311 count=123
-3291.066543 -165.726155 count=124
-3289.519036 -168.758887 count=125
-3286.707480 -168.847395 count=126
-3284.811531 -166.119014 count=127
-3287.276132 -163.814566 count=128
-3284.937942 -165.654049 count=129
(((AY001567,AY001587),((AY001566,AY001571),(AY001570,AY001589))),(((AY001564,AY001602),(((((AY001607,AY001591),(AY001576,AY001608)),((((AY001579,AY001586),((((AY001574,AY001577),((AY001582,AY001594),((((AY001603,AY001597),(AY001599,AY001595)),(AY001598,AY001604)),((AY001618,AY001596),(AY001572,AY001573))))),(AY001617,AY001600)),(AY001601,AY001611))),(AY001616,((AY001580,AY001588),((AY001581,AY001585),((AY001605,AY001584),AY001590))))),AY001615)),(AY001575,((AY001612,AY001578),(AY001583,(AY001613,AY001609))))),(AY001614,AY001606))),((AY001563,AY001593),(AY001569,(AY001592,AY001565)))))