-7514.904362 -202.196029 count=1
-7407.752531 -204.272236 count=2
-6741.366717 -197.180388 count=3
-5456.812924 -190.725661 count=4
-5003.943126 -184.336773 count=5
-4974.581531 -184.385140 count=6
-4852.052155 -189.981394 count=7
-4652.210891 -193.349589 count=8
-4601.526835 -192.488605 count=9
-4438.452869 -191.510579 count=10
-4353.606199 -197.043071 count=11
-4259.604212 -198.969981 count=12
-4225.564955 -198.380661 count=13
-4194.545732 -188.678712 count=14
-4171.108044 -187.124407 count=15
-4169.331630 -182.681397 count=16
-4165.341759 -179.121388 count=17
-4141.545832 -182.616788 count=18
-4133.842330 -182.205339 count=19
-4124.380198 -178.067271 count=20
-4114.181517 -172.455243 count=21
-4049.943392 -173.382981 count=22
-4043.811777 -171.347612 count=23
-4003.727426 -170.719901 count=24
-3981.489419 -163.464987 count=25
-3980.554288 -163.943032 count=26
-3906.306527 -161.583081 count=27
-3907.269691 -159.442166 count=28
-3900.339422 -161.227236 count=29
-3892.437455 -161.408778 count=30
-3886.158133 -165.550812 count=31
-3876.351034 -166.835409 count=32
-3852.940526 -170.732968 count=33
-3840.342384 -176.271978 count=34
-3823.885540 -179.551716 count=35
-3778.782396 -188.726628 count=36
-3775.682688 -187.427064 count=37
-3748.659821 -188.207448 count=38
-3753.319673 -180.303271 count=39
-3749.312553 -178.709983 count=40
-3735.486998 -177.024391 count=41
-3731.371985 -171.889902 count=42
-3723.824332 -167.096835 count=43
-3700.582480 -165.613544 count=44
-3692.961764 -165.302041 count=45
-3691.949631 -162.126386 count=46
-3693.787107 -159.893332 count=47
-3681.205451 -163.577130 count=48
-3676.747011 -163.976579 count=49
-3681.396544 -161.928961 count=50
-3677.175099 -158.971658 count=51
-3675.803179 -156.466176 count=52
-3669.292001 -154.836200 count=53
-3658.290129 -157.007294 count=54
-3648.446898 -160.703062 count=55
-3645.808960 -163.501302 count=56
-3646.395557 -161.020668 count=57
-3622.198822 -164.895044 count=58
-3623.926175 -160.551822 count=59
-3620.534253 -162.854204 count=60
-3621.628008 -161.454617 count=61
-3616.591681 -165.811232 count=62
-3621.073619 -160.077958 count=63
-3612.834913 -160.652801 count=64
-3608.556019 -156.857462 count=65
-3600.351586 -156.371084 count=66
-3600.661947 -156.115500 count=67
-3590.332556 -159.150919 count=68
-3581.437831 -158.870026 count=69
-3578.599065 -161.038613 count=70
-3581.356869 -157.667258 count=71
-3574.001313 -164.166130 count=72
-3570.678038 -162.108926 count=73
-3567.525982 -158.059683 count=74
-3566.389885 -154.304778 count=75
-3550.128073 -156.254910 count=76
-3545.822342 -154.163895 count=77
-3545.221411 -152.222737 count=78
-3543.669414 -154.715466 count=79
-3540.582929 -158.181981 count=80
-3542.995079 -157.426964 count=81
-3537.576278 -162.476767 count=82
-3543.907950 -155.986568 count=83
-3539.571151 -157.356884 count=84
-3541.547542 -154.822289 count=85
-3541.398593 -152.026611 count=86
-3541.130319 -149.793412 count=87
-3536.343161 -148.756383 count=88
-3530.696558 -150.739032 count=89
-3521.255174 -148.831411 count=90
-3520.825398 -149.274822 count=91
-3516.195243 -147.389971 count=92
-3516.009194 -148.027109 count=93
-3514.721817 -150.814579 count=94
-3515.431086 -149.281304 count=95
-3511.864673 -149.556173 count=96
-3502.861700 -153.024737 count=97
-3502.910369 -149.052060 count=98
-3497.473372 -148.374275 count=99
-3494.683537 -148.319337 count=100
-3496.202183 -147.758983 count=101
-3493.091922 -149.441946 count=102
-3492.546572 -148.392620 count=103
-3491.977722 -149.428106 count=104
-3494.064946 -148.314641 count=105
-3493.734360 -149.276297 count=106
(((AY000562,AY000553),((AY000559,AY000552),((AY000560,AY000568),((((((AY000572,AY000540),(AY000580,AY000543)),(AY000575,AY000586)),((AY000556,AY000555),((AY000550,AY000564),((AY000583,(((AY000558,AY000567),(AY000563,AY000549)),AY000565)),((((AY000545,AY000546),(((AY000574,AY000547),(AY000579,AY000554)),(AY000566,(((AY000551,AY000577),(AY000581,AY000582)),(AY000576,AY000585))))),(AY000548,AY000571)),(AY000573,AY000570)))))),AY000557),AY000544)))),(AY000542,(AY000569,AY000584)))