-11168.732857 -186.420437 count=1
-10169.661363 -188.670342 count=2
-9392.460666 -187.041732 count=3
-9391.609324 -179.287896 count=4
-7735.081293 -177.219848 count=5
-6331.777577 -181.481692 count=6
-5411.698271 -175.661568 count=7
-5311.971983 -168.589309 count=8
-4709.066124 -171.602168 count=9
-4393.796158 -170.486339 count=10
-4297.321215 -171.238260 count=11
-4241.868281 -173.033324 count=12
-4233.000678 -171.609049 count=13
-4186.762735 -166.552784 count=14
-4160.493086 -162.452693 count=15
-4141.221833 -158.909857 count=16
-4130.337290 -161.322251 count=17
-4130.203059 -158.697890 count=18
-4129.948598 -158.842801 count=19
-4104.781800 -157.326606 count=20
-4096.448019 -156.407926 count=21
-4071.925381 -158.879116 count=22
-4071.345981 -157.754417 count=23
-4058.096334 -157.237890 count=24
-4050.591733 -158.558598 count=25
-4031.147010 -159.512066 count=26
-4016.379514 -158.542561 count=27
-4005.143784 -160.072915 count=28
-4000.882616 -158.053709 count=29
-3970.048344 -157.467742 count=30
-3968.420639 -157.798476 count=31
-3964.034955 -158.005899 count=32
-3961.556358 -158.849097 count=33
-3959.970675 -158.690629 count=34
-3911.211235 -158.807444 count=35
-3889.039093 -156.684297 count=36
-3887.391151 -158.085069 count=37
-3882.153543 -156.541059 count=38
-3867.713300 -156.378363 count=39
-3869.463290 -155.708127 count=40
-3867.296637 -159.154189 count=41
-3850.298875 -162.508080 count=42
-3822.687872 -164.088567 count=43
-3826.770689 -160.183037 count=44
-3816.517511 -159.487276 count=45
-3810.911694 -162.930268 count=46
-3804.902474 -167.092409 count=47
-3798.315377 -162.987595 count=48
-3790.157919 -167.551731 count=49
-3776.234216 -163.990384 count=50
-3760.759450 -168.204357 count=51
-3748.497781 -172.862309 count=52
-3753.247719 -168.787345 count=53
-3746.771469 -169.076980 count=54
-3735.920349 -167.141465 count=55
-3724.688669 -166.282060 count=56
-3721.678457 -162.894173 count=57
-3722.481234 -160.824214 count=58
-3718.317507 -165.217025 count=59
-3716.458581 -161.036152 count=60
-3715.998941 -159.212795 count=61
-3711.386506 -158.287478 count=62
-3692.488647 -161.438853 count=63
-3680.677122 -165.379963 count=64
-3678.756274 -166.142671 count=65
-3675.044435 -165.157622 count=66
-3671.170708 -160.912570 count=67
-3662.873214 -160.446101 count=68
-3661.503985 -156.742428 count=69
-3659.156384 -155.267995 count=70
-3660.007986 -154.916611 count=71
-3661.124660 -156.567256 count=72
-3651.372751 -155.522430 count=73
-3649.444334 -155.745392 count=74
-3643.849848 -158.097364 count=75
-3642.769195 -159.489527 count=76
-3646.301768 -156.331171 count=77
-3650.341218 -154.617011 count=78
-3650.011666 -155.881805 count=79
-3637.732594 -155.787099 count=80
-3637.075741 -158.538954 count=81
-3635.514396 -160.493649 count=82
-3618.892234 -156.269759 count=83
-3621.586111 -155.119751 count=84
-3618.320498 -155.645513 count=85
-3617.228784 -156.451653 count=86
-3618.733002 -156.509507 count=87
-3617.359855 -156.361843 count=88
-3612.899452 -159.420950 count=89
-3616.104517 -154.823316 count=90
-3596.548742 -157.655362 count=91
-3596.129018 -156.199391 count=92
-3593.742379 -158.672981 count=93
-3588.022718 -156.567468 count=94
-3587.835970 -156.039857 count=95
-3587.530996 -155.109413 count=96
-3580.696851 -154.932586 count=97
-3576.955590 -155.294005 count=98
-3570.483633 -156.118728 count=99
-3567.295246 -156.142504 count=100
-3563.110068 -157.738697 count=101
-3564.472568 -155.433403 count=102
-3551.510622 -156.006267 count=103
-3544.978021 -154.648121 count=104
-3542.414646 -156.502239 count=105
-3542.654475 -156.169271 count=106
-3535.349010 -156.464981 count=107
-3532.479147 -155.575645 count=108
-3525.864211 -157.942178 count=109
-3526.037339 -154.584596 count=110
-3520.935627 -155.011819 count=111
((((AY000554,AY000553),(AY000555,AY000572)),AY000547),((AY000566,AY000586),((((((AY000576,AY000540),(AY000574,AY000543)),(((AY000544,AY000564),(AY000575,((((AY000542,AY000546),(AY000584,AY000582)),(AY000581,AY000560)),AY000562))),((AY000568,((AY000565,AY000552),(AY000569,AY000579))),((AY000585,AY000559),(AY000563,AY000551))))),(AY000558,AY000556)),((AY000567,AY000570),((AY000557,AY000580),(AY000571,(AY000549,AY000583))))),(AY000573,((AY000577,AY000548),(AY000545,AY000550))))))