-9446.431902 -196.804943 count=1
-9390.858094 -195.955417 count=2
-7285.541157 -199.514856 count=3
-7196.380097 -198.850349 count=4
-6888.290272 -193.052230 count=5
-6170.302511 -195.468756 count=6
-5812.778824 -193.650620 count=7
-5674.867404 -191.773398 count=8
-5206.392836 -191.114173 count=9
-5030.643584 -191.008401 count=10
-5035.004954 -185.852276 count=11
-5018.520177 -182.347574 count=12
-4957.602301 -183.665699 count=13
-4902.115119 -184.224638 count=14
-4898.697763 -187.596467 count=15
-4842.227723 -191.442238 count=16
-4825.319642 -193.412084 count=17
-4809.028255 -191.685157 count=18
-4802.227686 -190.637927 count=19
-4685.032876 -193.961165 count=20
-4668.457292 -197.788085 count=21
-4670.650488 -193.964838 count=22
-4606.248018 -193.208797 count=23
-4497.244002 -196.654989 count=24
-4504.284410 -189.104531 count=25
-4483.906003 -195.017714 count=26
-4483.803591 -192.981398 count=27
-4472.976074 -188.157160 count=28
-4429.561091 -187.689833 count=29
-4416.539224 -194.946737 count=30
-4392.890581 -198.795152 count=31
-4369.216627 -200.017368 count=32
-4355.716002 -188.823625 count=33
-4344.569439 -189.300052 count=34
-4325.886857 -178.080334 count=35
-4312.845343 -175.313741 count=36
-4311.719021 -171.315112 count=37
-4273.514672 -180.022243 count=38
-4274.108088 -177.365304 count=39
-4273.397365 -174.342198 count=40
-4270.677010 -174.377860 count=41
-4261.007149 -170.738287 count=42
-4226.964050 -176.004008 count=43
-4201.718232 -178.831658 count=44
-4202.131740 -178.283407 count=45
-4197.247765 -177.815986 count=46
-4195.613401 -176.538050 count=47
-4187.958960 -177.111270 count=48
-4178.116189 -181.166547 count=49
-4148.664589 -178.705971 count=50
-4122.104135 -181.459331 count=51
-4114.699819 -178.670856 count=52
-4097.177627 -177.481467 count=53
-4093.258152 -180.871769 count=54
-4050.188055 -180.989564 count=55
-4047.913510 -179.148044 count=56
-4049.065689 -176.841511 count=57
-4045.823342 -178.568291 count=58
-4035.281644 -176.988135 count=59
-4024.107072 -180.534326 count=60
-4015.189265 -176.912865 count=61
-4012.780002 -173.824070 count=62
-4009.257685 -173.314650 count=63
-4006.584194 -173.556704 count=64
-4006.302895 -173.379626 count=65
-3977.112893 -174.134831 count=66
-3976.131341 -172.627248 count=67
-3971.034200 -173.674240 count=68
-3961.164161 -173.476579 count=69
-3960.756432 -173.704145 count=70
-3964.193254 -172.704439 count=71
-3960.746885 -172.452751 count=72
-3961.466879 -172.566420 count=73
-3954.900454 -173.570931 count=74
-3935.080447 -174.827706 count=75
-3937.483766 -175.641311 count=76
-3938.937933 -173.665667 count=77
-3924.290226 -173.817770 count=78
-3914.659563 -175.077737 count=79
-3913.079211 -175.064388 count=80
-3915.924899 -172.301150 count=81
-3916.318399 -171.725217 count=82
-3914.216932 -175.562774 count=83
-3913.877409 -172.616694 count=84
-3904.332349 -173.203475 count=85
-3895.188584 -179.003322 count=86
-3878.751000 -176.573224 count=87
-3875.172207 -175.439340 count=88
-3874.379151 -175.769014 count=89
-3868.618492 -173.000754 count=90
-3864.168301 -173.823893 count=91
-3855.941512 -175.148918 count=92
-3853.507010 -177.640491 count=93
-3851.893381 -174.857601 count=94
((((AY000441,AY000458),(((AY000428,AY000439),((AY000442,AY000463),(((AY000453,AY000464),((AY000461,((AY000440,AY000423),(AY000422,AY000444))),(AY000469,AY000432))),(AY000424,AY000447)))),(((AY000466,((((AY000427,AY000421),AY000435),(AY000426,AY000450)),(AY000429,AY000460))),(AY000434,AY000425)),(((AY000456,AY000431),(AY000459,AY000433)),(AY000467,AY000448))))),(((AY000462,AY000454),((AY000438,AY000443),AY000457)),(((AY000445,AY000436),((AY000449,AY000468),((AY000455,AY000430),(AY000446,AY000452)))),AY000437))),AY000465)