-7861.636403 -212.503043 count=1
-7422.198571 -201.483889 count=2
-7268.484287 -202.169249 count=3
-6999.401158 -197.114730 count=4
-6533.206419 -192.644372 count=5
-5986.049134 -187.597408 count=6
-5482.081825 -188.651100 count=7
-5380.704050 -188.912079 count=8
-5271.687663 -186.113329 count=9
-5135.832143 -180.409852 count=10
-5093.032132 -184.356900 count=11
-5070.455336 -178.949347 count=12
-5061.749552 -183.045652 count=13
-5011.732011 -185.092030 count=14
-4995.262102 -181.133372 count=15
-4969.348882 -179.872815 count=16
-4941.613302 -178.968902 count=17
-4925.913958 -177.041728 count=18
-4927.244527 -175.113149 count=19
-4877.318171 -173.748590 count=20
-4834.146495 -174.411200 count=21
-4823.189601 -173.809965 count=22
-4820.577495 -173.512890 count=23
-4810.225588 -174.344148 count=24
-4796.160805 -175.429579 count=25
-4777.256934 -177.702091 count=26
-4777.419699 -173.990055 count=27
-4769.934944 -175.862447 count=28
-4738.011360 -179.359887 count=29
-4732.713543 -181.274719 count=30
-4732.560056 -178.417600 count=31
-4727.812691 -178.941699 count=32
-4724.594410 -177.823687 count=33
-4687.854870 -179.924495 count=34
-4649.423266 -176.514263 count=35
-4647.915755 -174.699075 count=36
-4643.640935 -175.010168 count=37
-4626.579139 -174.422620 count=38
-4625.719385 -174.795595 count=39
-4619.104738 -173.688599 count=40
-4610.136280 -175.075367 count=41
-4578.785914 -174.653155 count=42
-4576.372045 -176.810246 count=43
-4571.625662 -175.554590 count=44
-4570.382607 -177.467604 count=45
-4557.805298 -175.221767 count=46
-4541.463412 -177.291458 count=47
-4534.488295 -175.748119 count=48
-4532.745692 -175.878826 count=49
-4532.425887 -174.917067 count=50
-4522.631699 -174.439542 count=51
-4520.788093 -174.328105 count=52
-4527.037258 -172.475617 count=53
-4500.450683 -176.339085 count=54
-4498.855453 -177.223435 count=55
-4492.764661 -176.096115 count=56
-4489.835443 -175.599883 count=57
-4483.912428 -173.948012 count=58
-4476.913835 -174.354316 count=59
-4470.688151 -173.969683 count=60
-4454.338474 -174.419154 count=61
-4451.833997 -172.780621 count=62
-4437.503358 -173.134855 count=63
-4435.467439 -172.420501 count=64
-4430.818856 -172.820134 count=65
-4433.317045 -173.905807 count=66
-4437.490327 -175.157028 count=67
-4435.005778 -174.975051 count=68
-4432.826703 -172.740980 count=69
-4432.394696 -172.835654 count=70
-4427.572982 -173.785725 count=71
-4412.408374 -172.863390 count=72
-4404.914478 -173.480260 count=73
-4401.896201 -172.531312 count=74
-4399.735035 -172.576791 count=75
(AY000433,(((AY000434,AY000452),((AY000468,AY000437),((AY000462,AY000445),(((AY000444,AY000448),AY000447),(AY000438,AY000443))))),((((AY000425,AY000442),(((AY000453,AY000459),(AY000446,AY000427)),(((AY000450,AY000464),(((AY000456,(AY000439,AY000458)),(AY000440,AY000424)),((AY000422,(AY000461,AY000430)),(AY000463,AY000449)))),((AY000431,AY000432),(AY000436,AY000423))))),((AY000435,AY000469),(((AY000460,AY000421),(AY000426,AY000455)),AY000467))),(((AY000454,AY000429),AY000465),((AY000428,AY000457),(AY000441,AY000466))))))