-4313.598228 -182.420905 count=1
-3684.359280 -188.032344 count=2
-3472.784177 -191.989891 count=3
-3172.381042 -187.484124 count=4
-2901.966929 -189.641380 count=5
-2780.808935 -188.941424 count=6
-2684.605669 -185.591551 count=7
-2630.484595 -186.720028 count=8
-2614.272347 -189.113905 count=9
-2584.705989 -190.927317 count=10
-2575.772539 -189.881033 count=11
-2567.487086 -197.454379 count=12
-2563.786491 -198.123439 count=13
-2565.961320 -192.902213 count=14
-2560.557369 -196.178953 count=15
-2552.964124 -199.190718 count=16
-2549.283347 -202.856488 count=17
-2543.532932 -195.590043 count=18
-2542.551326 -195.890075 count=19
-2526.810938 -199.539911 count=20
-2520.865294 -196.859441 count=21
-2506.976789 -191.789284 count=22
-2507.541334 -184.727455 count=23
-2500.911985 -187.091243 count=24
-2491.952460 -180.201744 count=25
-2495.066865 -171.703592 count=26
-2492.711056 -172.706583 count=27
-2491.859079 -171.722549 count=28
-2493.259735 -170.150109 count=29
-2467.710117 -160.105812 count=30
-2453.700045 -157.673055 count=31
-2439.265217 -162.232807 count=32
-2435.414090 -154.576279 count=33
-2437.871789 -151.401698 count=34
-2424.219513 -146.737108 count=35
-2399.529115 -151.318523 count=36
-2402.043534 -146.945685 count=37
-2396.351583 -148.549087 count=38
-2392.701383 -151.786131 count=39
-2397.599623 -145.971488 count=40
-2385.373176 -149.843644 count=41
-2383.640654 -144.850047 count=42
-2378.514457 -145.828306 count=43
-2376.125906 -148.666599 count=44
-2342.266849 -150.254573 count=45
-2327.033893 -154.427045 count=46
-2325.407492 -153.919922 count=47
-2325.413843 -152.253471 count=48
-2279.165693 -150.141026 count=49
-2278.186898 -150.841765 count=50
-2258.213656 -145.385849 count=51
-2261.906237 -140.575565 count=52
-2257.339284 -139.011526 count=53
-2256.146648 -132.882982 count=54
-2244.051444 -135.635208 count=55
-2241.647229 -136.373769 count=56
-2235.458855 -136.022136 count=57
-2239.047731 -132.922266 count=58
-2243.441219 -131.237810 count=59
-2238.340057 -133.628638 count=60
-2238.825572 -132.869986 count=61
-2239.024540 -130.869177 count=62
-2237.800113 -131.329360 count=63
-2232.115546 -131.088794 count=64
-2227.325650 -132.475985 count=65
-2228.116240 -131.197351 count=66
-2219.933370 -131.268577 count=67
-2219.385894 -129.183529 count=68
-2213.912882 -131.087031 count=69
-2212.705749 -133.128057 count=70
-2208.198790 -137.645114 count=71
-2207.650423 -134.181846 count=72
-2201.090223 -133.648416 count=73
-2205.882304 -131.490244 count=74
-2207.738795 -128.173173 count=75
-2201.160722 -130.515151 count=76
-2200.396142 -130.193134 count=77
-2188.698598 -132.578836 count=78
-2181.978980 -130.018308 count=79
-2173.023331 -129.017008 count=80
-2175.733671 -127.909758 count=81
-2171.002491 -127.375235 count=82
-2169.356322 -128.033685 count=83
-2168.174201 -129.160124 count=84
-2168.967877 -128.513192 count=85
-2169.576054 -128.373748 count=86
-2161.882719 -130.669916 count=87
-2156.018704 -130.369691 count=88
-2158.905051 -129.079469 count=89
-2156.927922 -129.222086 count=90
-2148.379324 -131.653138 count=91
((((AY000683,AY000684),((AY000708,AY000706),(AY000715,AY000690))),(AY000718,AY000707)),((AY000709,AY000701),(((((AY000695,AY000691),(((AY000717,AY000702),(((AY000688,AY000694),AY000682),(AY000692,AY000716))),(AY000693,AY000698))),(((AY000712,AY000711),(AY000689,AY000700)),(AY000685,AY000720))),(((((AY000696,AY000687),(AY000704,AY000714)),(AY000710,AY000697)),AY000686),(AY000705,AY000703))),((AY000719,AY000699),AY000713))))