-6738.075019 -208.992751 count=1
-5847.709267 -203.997305 count=2
-5282.849026 -198.843995 count=3
-4638.123161 -196.846771 count=4
-4639.269360 -195.380495 count=5
-4102.819708 -190.242126 count=6
-3901.537202 -187.698783 count=7
-3820.895608 -180.102794 count=8
-3824.096790 -178.980398 count=9
-3822.311494 -171.168659 count=10
-3740.060146 -172.177879 count=11
-3706.605256 -173.678944 count=12
-3682.961009 -166.726263 count=13
-3679.161704 -170.482395 count=14
-3668.237363 -162.426675 count=15
-3635.453229 -169.292780 count=16
-3633.381082 -160.936461 count=17
-3634.147128 -155.017823 count=18
-3594.458229 -149.893888 count=19
-3578.810770 -144.983838 count=20
-3554.830791 -145.653328 count=21
-3551.022418 -142.807017 count=22
-3526.440577 -147.016115 count=23
-3526.759188 -144.082365 count=24
-3508.323689 -144.997724 count=25
-3509.281492 -147.162064 count=26
-3496.769680 -147.818803 count=27
-3481.197147 -147.268626 count=28
-3447.892566 -151.312958 count=29
-3452.778164 -146.094699 count=30
-3431.786943 -147.952659 count=31
-3439.304262 -143.311012 count=32
-3405.516233 -142.005915 count=33
-3407.240502 -140.958735 count=34
-3406.062644 -141.506463 count=35
-3394.492859 -142.263408 count=36
-3388.259599 -146.347619 count=37
-3383.935781 -146.031891 count=38
-3373.682488 -140.329761 count=39
-3365.778654 -140.308869 count=40
-3356.877226 -140.647308 count=41
-3356.883750 -140.356819 count=42
-3336.008200 -142.348113 count=43
-3304.780750 -142.980595 count=44
-3300.227250 -143.492569 count=45
-3292.437395 -143.996022 count=46
-3291.737867 -143.710001 count=47
-3275.780512 -145.071848 count=48
-3278.196378 -143.329760 count=49
-3271.115882 -143.390982 count=50
-3254.288748 -144.254224 count=51
-3229.498086 -143.293303 count=52
-3224.257087 -145.749481 count=53
-3224.573148 -143.525582 count=54
-3222.461101 -144.723008 count=55
-3214.650009 -143.481687 count=56
-3195.373650 -145.809318 count=57
-3190.988012 -146.068190 count=58
-3182.019980 -147.138323 count=59
-3169.673488 -147.422216 count=60
-3153.598125 -145.858708 count=61
-3151.937120 -147.065508 count=62
-3151.845278 -147.216417 count=63
-3129.957635 -149.107371 count=64
-3128.725233 -149.225445 count=65
-3126.994938 -148.876454 count=66
-3121.449187 -148.161096 count=67
-3118.648669 -147.184281 count=68
-3109.047940 -148.344156 count=69
-3107.282619 -148.032458 count=70
-3103.945325 -147.662089 count=71
-3101.534051 -151.287851 count=72
-3101.238035 -150.995488 count=73
-3097.577887 -147.400714 count=74
-3095.036723 -148.182384 count=75
-3093.502793 -148.214091 count=76
-3093.368168 -148.056385 count=77
-3083.981199 -150.434275 count=78
-3076.423590 -149.897986 count=79
-3078.844089 -149.406100 count=80
-3075.834324 -148.373623 count=81
-3068.991405 -149.528256 count=82
-3062.228961 -146.939813 count=83
-3061.879370 -146.565545 count=84
-3055.845848 -149.695104 count=85
-3050.991209 -150.888681 count=86
-3039.506508 -149.789045 count=87
-3035.807096 -150.975255 count=88
-3023.426208 -150.022865 count=89
-3014.689923 -150.143487 count=90
-3014.598832 -150.408682 count=91
-3011.286314 -152.242962 count=92
-3007.078355 -154.483582 count=93
-3009.218355 -153.667739 count=94
-3008.492230 -152.937575 count=95
-3014.215301 -148.100402 count=96
-3011.973186 -150.399914 count=97
-3000.372809 -148.250217 count=98
-2995.108088 -151.698507 count=99
-2994.059490 -153.441580 count=100
-2987.421147 -156.064268 count=101
-2982.778135 -157.550664 count=102
-2980.569528 -156.403844 count=103
-2965.417668 -152.769281 count=104
-2966.291075 -150.526240 count=105
-2943.677026 -151.177151 count=106
-2938.667664 -153.295714 count=107
-2926.378618 -152.957163 count=108
-2923.773948 -153.053583 count=109
-2923.577512 -154.270141 count=110
-2921.794706 -155.340448 count=111
-2921.245913 -153.022146 count=112
-2919.308158 -154.699641 count=113
-2921.069457 -153.430084 count=114
-2919.258173 -152.792151 count=115
-2923.518299 -150.967258 count=116
-2923.861431 -151.227401 count=117
-2923.309011 -150.772947 count=118
-2918.726613 -153.232860 count=119
-2916.012477 -154.312141 count=120
-2922.492709 -151.353030 count=121
-2912.672622 -151.089524 count=122
((((AY000915,AY000930),(((AY000942,AY000924),(AY000918,AY000938)),AY000927)),(AY000939,AY000926)),(((((AY000932,AY000935),AY000929),(AY000960,(AY000916,AY000951))),((AY000946,AY000940),((((AY000952,((AY000959,AY000949),(((AY000920,AY000934),(((AY000921,AY000945),((AY000941,AY000919),((AY000917,(AY000913,((AY000936,AY000957),AY000956))),AY000943))),(AY000925,AY000928))),(AY000948,AY000950)))),(AY000958,AY000923)),((AY000954,AY000955),(AY000931,AY000947))),(AY000922,AY000937)))),(AY000944,AY000953)))