-6873.523104 -200.252165 count=1
-5763.794912 -197.721638 count=2
-4694.737664 -189.871387 count=3
-4506.287520 -196.178209 count=4
-4042.841935 -194.230899 count=5
-4019.831205 -189.045332 count=6
-3777.299290 -185.665176 count=7
-3630.520185 -191.821406 count=8
-3507.929174 -193.530738 count=9
-3468.129831 -199.279123 count=10
-3446.535851 -205.650297 count=11
-3435.659424 -203.613895 count=12
-3422.939382 -195.172974 count=13
-3411.899503 -201.523347 count=14
-3409.412707 -192.610861 count=15
-3366.289803 -184.995914 count=16
-3341.099603 -190.299287 count=17
-3340.799206 -188.761577 count=18
-3326.296835 -186.853611 count=19
-3305.930332 -189.547187 count=20
-3296.307268 -192.506580 count=21
-3257.747408 -198.175997 count=22
-3257.175512 -196.593522 count=23
-3230.572553 -198.833166 count=24
-3230.784414 -190.670160 count=25
-3227.440670 -181.354325 count=26
-3210.294615 -188.786821 count=27
-3183.190768 -186.133775 count=28
-3186.274165 -180.901439 count=29
-3181.520686 -182.739887 count=30
-3169.353967 -185.776460 count=31
-3164.754885 -183.842274 count=32
-3169.133634 -178.205094 count=33
-3168.329635 -170.759013 count=34
-3145.091804 -178.814871 count=35
-3142.193656 -174.441676 count=36
-3127.126814 -172.599710 count=37
-3118.361459 -168.120340 count=38
-3108.632146 -171.928139 count=39
-3098.751904 -173.924304 count=40
-3100.994318 -169.329362 count=41
-3101.010716 -167.580687 count=42
-3084.828307 -166.695926 count=43
-3078.579563 -167.014592 count=44
-3078.039974 -160.624825 count=45
-3076.542458 -161.150295 count=46
-3068.897558 -157.819947 count=47
-3058.908286 -151.471558 count=48
-3047.166404 -152.744720 count=49
-3043.862763 -150.557344 count=50
-3034.128879 -149.182978 count=51
-3024.256922 -154.941628 count=52
-3021.381674 -154.530282 count=53
-3013.578836 -149.934676 count=54
-3004.737580 -145.960770 count=55
-3001.908494 -148.418160 count=56
-3001.909062 -147.069149 count=57
-3001.464024 -146.040527 count=58
-2986.795260 -147.616105 count=59
-2989.920109 -147.113380 count=60
-2992.995449 -144.466489 count=61
-2988.460783 -145.910934 count=62
-2981.739013 -149.176828 count=63
-2979.842516 -146.375754 count=64
-2981.142566 -145.600984 count=65
-2965.492781 -148.656724 count=66
-2964.526390 -146.590454 count=67
-2960.101065 -141.476152 count=68
-2947.548524 -149.371968 count=69
-2944.612308 -147.854791 count=70
-2945.583168 -145.461043 count=71
-2943.242878 -146.699809 count=72
-2944.598128 -146.168942 count=73
-2931.960869 -145.945993 count=74
-2933.251770 -146.181350 count=75
-2930.571131 -145.427418 count=76
-2924.451512 -146.797292 count=77
-2919.691180 -144.820234 count=78
-2911.588466 -149.159904 count=79
((((((((((AY000945,AY000931),(AY000936,((((AY000953,AY000921),AY000917),((AY000957,AY000955),((AY000920,AY000940),(AY000943,AY000926)))),((AY000928,AY000956),(AY000954,AY000922))))),((AY000930,AY000919),(AY000913,AY000934))),(AY000948,AY000938)),(AY000944,AY000950)),((AY000951,AY000952),(AY000949,AY000925))),(AY000947,AY000958)),(AY000923,AY000942)),AY000924),((((AY000960,AY000915),(AY000935,AY000929)),((AY000939,AY000918),(AY000916,AY000941))),(AY000932,((AY000937,AY000927),(AY000959,AY000946)))))