-4897.877568 -177.920111 count=1
-3839.134548 -186.116131 count=2
-3484.232674 -187.068362 count=3
-3233.943335 -182.183373 count=4
-3044.157648 -181.418277 count=5
-2794.635539 -174.937671 count=6
-2716.753409 -171.542975 count=7
-2665.477489 -163.485541 count=8
-2669.577973 -156.960421 count=9
-2651.250409 -151.054543 count=10
-2652.041626 -149.922540 count=11
-2623.765938 -152.164168 count=12
-2608.023105 -144.386912 count=13
-2584.839657 -141.377577 count=14
-2558.159152 -146.171245 count=15
-2560.825943 -140.301275 count=16
-2554.624588 -140.659353 count=17
-2517.315853 -140.650713 count=18
-2514.364564 -144.049507 count=19
-2501.534739 -145.484958 count=20
-2494.344998 -145.944779 count=21
-2493.479851 -143.940271 count=22
-2497.890586 -139.170648 count=23
-2473.095594 -136.203811 count=24
-2460.899085 -140.787590 count=25
-2462.101309 -137.344422 count=26
-2462.262724 -135.936266 count=27
-2458.079615 -137.311901 count=28
-2453.235787 -138.288371 count=29
-2453.390202 -135.973403 count=30
-2451.261633 -137.480001 count=31
-2445.962897 -134.728256 count=32
-2444.298810 -131.794075 count=33
-2435.899420 -133.299125 count=34
-2440.344358 -128.813729 count=35
-2438.525890 -130.914355 count=36
-2423.848624 -127.451214 count=37
-2420.218467 -128.519160 count=38
-2419.550323 -128.062145 count=39
-2420.622545 -126.774556 count=40
-2418.285078 -128.824749 count=41
-2410.328930 -128.803303 count=42
-2408.418622 -129.186339 count=43
-2395.519132 -132.408204 count=44
-2398.884151 -127.469967 count=45
-2388.678749 -129.636818 count=46
-2380.174623 -130.412017 count=47
-2373.155542 -135.267972 count=48
-2366.322398 -140.528727 count=49
-2362.012003 -137.037519 count=50
-2353.934958 -132.236076 count=51
-2307.087731 -128.865369 count=52
-2299.731584 -130.021112 count=53
-2299.534140 -131.519072 count=54
-2294.122943 -129.869294 count=55
-2293.407098 -131.173669 count=56
-2284.016185 -130.715105 count=57
-2281.178582 -128.771750 count=58
-2282.073284 -130.528447 count=59
-2278.085457 -131.062888 count=60
-2274.276102 -131.291977 count=61
-2266.249826 -128.390887 count=62
-2261.554899 -129.133692 count=63
-2261.785443 -130.097822 count=64
-2260.186786 -130.987015 count=65
-2260.808394 -129.603341 count=66
-2253.925903 -132.380296 count=67
-2247.510079 -134.186440 count=68
-2244.391641 -136.810902 count=69
-2245.070058 -137.069000 count=70
-2249.335423 -133.013531 count=71
-2237.701902 -130.887831 count=72
-2237.204486 -130.294363 count=73
-2233.248864 -134.035053 count=74
-2234.379171 -133.371836 count=75
-2227.140914 -133.030438 count=76
-2220.978300 -135.333487 count=77
-2221.217349 -133.240675 count=78
-2220.827456 -133.653715 count=79
-2217.712032 -134.890797 count=80
-2217.065465 -133.630513 count=81
-2209.426058 -136.381027 count=82
-2192.606004 -136.165824 count=83
-2191.313172 -135.834296 count=84
-2187.610672 -136.329825 count=85
-2185.805046 -134.195904 count=86
-2184.345191 -135.967374 count=87
-2182.350769 -135.758468 count=88
-2183.100503 -136.642575 count=89
-2186.563006 -135.021811 count=90
-2178.035323 -135.032389 count=91
-2169.948402 -136.664805 count=92
-2171.014209 -134.349702 count=93
-2169.683077 -135.321994 count=94
-2169.124815 -133.743736 count=95
-2170.439277 -133.943224 count=96
-2173.211610 -130.157770 count=97
-2169.841289 -131.753527 count=98
-2167.887414 -131.156035 count=99
-2165.142511 -131.254705 count=100
-2162.176153 -132.743909 count=101
-2159.969588 -133.826879 count=102
-2158.321453 -134.878793 count=103
-2152.883774 -140.599852 count=104
-2149.010544 -138.719614 count=105
(((((AY000703,AY000705),(AY000689,AY000720)),((AY000692,((AY000690,AY000693),(AY000709,AY000682))),AY000699)),(((AY000687,AY000694),(AY000702,AY000697)),(AY000696,AY000704))),((((AY000686,AY000707),(AY000683,AY000685)),((AY000719,AY000713),(AY000698,AY000684))),((((AY000706,AY000691),(AY000715,AY000714)),(AY000711,(AY000708,AY000716))),(((AY000717,AY000701),((AY000718,AY000710),(AY000712,AY000695))),(AY000700,AY000688)))))