-5200.999929 -193.578487 count=1
-4194.514874 -191.490219 count=2
-3772.923377 -199.357874 count=3
-3316.101950 -193.287882 count=4
-3205.269315 -190.385723 count=5
-3091.031203 -185.913352 count=6
-2971.900757 -183.931323 count=7
-2931.859462 -177.736037 count=8
-2860.582738 -170.764618 count=9
-2797.259073 -170.675918 count=10
-2773.376986 -176.070414 count=11
-2774.982933 -166.877370 count=12
-2736.686283 -168.450539 count=13
-2673.017580 -165.216785 count=14
-2672.157151 -157.656934 count=15
-2671.489258 -157.532695 count=16
-2666.240869 -158.670750 count=17
-2646.801293 -158.960102 count=18
-2651.369171 -151.398539 count=19
-2637.015208 -157.779182 count=20
-2625.023467 -157.868190 count=21
-2615.093592 -164.000806 count=22
-2606.879544 -164.438218 count=23
-2597.641169 -165.650099 count=24
-2582.124652 -171.536801 count=25
-2589.085247 -165.837363 count=26
-2597.151283 -158.194924 count=27
-2586.614852 -157.151277 count=28
-2571.398589 -150.958791 count=29
-2577.279157 -146.987218 count=30
-2569.330496 -146.698835 count=31
-2552.790102 -143.549183 count=32
-2553.737771 -139.605890 count=33
-2548.710426 -140.110192 count=34
-2544.528657 -138.640355 count=35
-2543.501581 -133.464449 count=36
-2541.393759 -131.280736 count=37
-2540.374126 -131.204323 count=38
-2539.950398 -129.604419 count=39
-2526.668451 -128.205601 count=40
-2528.177388 -127.327292 count=41
-2530.567088 -128.081861 count=42
-2530.299233 -128.198038 count=43
-2523.612668 -128.821898 count=44
-2522.492628 -128.723373 count=45
-2521.683469 -129.819177 count=46
-2518.009015 -129.764446 count=47
-2517.054901 -129.055705 count=48
-2516.166628 -129.159728 count=49
-2513.972534 -128.517487 count=50
-2512.886101 -129.098426 count=51
-2512.219815 -128.398958 count=52
-2508.795951 -129.050602 count=53
-2509.636331 -129.174721 count=54
-2509.758159 -129.617021 count=55
-2508.061454 -128.399313 count=56
-2504.992615 -129.129777 count=57
-2506.964132 -128.763340 count=58
-2502.490673 -130.326871 count=59
-2505.037288 -128.461183 count=60
-2506.339822 -129.278125 count=61
-2504.196818 -128.877142 count=62
-2494.535108 -129.303647 count=63
-2493.824383 -129.775007 count=64
-2489.077735 -129.103363 count=65
-2488.177792 -129.365876 count=66
-2487.113874 -128.310186 count=67
-2486.643266 -128.332933 count=68
-2482.959432 -129.247382 count=69
-2481.686990 -128.761978 count=70
-2482.049043 -129.206559 count=71
-2481.178386 -130.726609 count=72
-2482.906535 -128.936073 count=73
-2481.975398 -128.887425 count=74
-2476.305036 -129.551881 count=75
-2476.107231 -128.706214 count=76
-2476.384905 -129.702136 count=77
-2474.384550 -130.697208 count=78
-2478.076208 -129.908519 count=79
-2479.293589 -128.069607 count=80
-2479.598888 -128.550834 count=81
-2472.262289 -132.316231 count=82
-2473.595765 -128.793335 count=83
-2470.215769 -129.656116 count=84
-2469.866452 -129.053642 count=85
-2465.573484 -129.138147 count=86
-2459.741974 -130.085333 count=87
-2459.960120 -130.444976 count=88
-2460.127549 -130.404337 count=89
-2455.313521 -128.719270 count=90
-2454.172945 -130.371771 count=91
-2453.943350 -128.998374 count=92
-2454.365113 -129.304280 count=93
-2448.705645 -129.306804 count=94
-2447.262962 -129.671956 count=95
-2445.418989 -129.873114 count=96
-2444.570467 -130.527205 count=97
-2446.685065 -129.179578 count=98
-2447.188783 -128.420169 count=99
-2440.919181 -129.029046 count=100
-2436.435813 -129.135954 count=101
-2430.174620 -130.791621 count=102
-2428.537596 -131.651899 count=103
-2432.330165 -129.530803 count=104
-2428.230372 -130.136509 count=105
-2422.143560 -131.485953 count=106
-2421.189134 -131.778360 count=107
-2419.651355 -131.906853 count=108
-2418.217291 -130.477756 count=109
(((((AY000700,AY000706),(AY000683,AY000688)),(((((AY000713,AY000702),((AY000694,((AY000718,AY000691),(AY000685,AY000720))),(AY000682,AY000695))),((AY000696,AY000703),((AY000705,AY000690),(((AY000716,AY000712),((AY000714,AY000689),((AY000692,AY000686),(AY000693,AY000710)))),(((AY000687,AY000701),AY000698),(AY000699,AY000717)))))),(AY000715,AY000697)),((AY000708,AY000709),(AY000684,AY000704)))),(AY000719,AY000711)),AY000707)