-5051.469298 -177.986565 count=1
-4143.463259 -181.504081 count=2
-3643.625517 -187.520245 count=3
-3431.098644 -188.399822 count=4
-3284.126311 -196.029190 count=5
-3163.141418 -189.598169 count=6
-3066.353897 -196.508501 count=7
-3052.233761 -197.122653 count=8
-3053.818197 -192.705925 count=9
-3055.138179 -189.280130 count=10
-3035.338189 -183.791714 count=11
-3035.734558 -183.241903 count=12
-3030.390226 -179.747742 count=13
-3004.785863 -180.291071 count=14
-2985.294895 -177.175279 count=15
-2977.915038 -179.580375 count=16
-2978.978822 -175.917296 count=17
-2946.901980 -171.155837 count=18
-2952.943798 -165.183984 count=19
-2946.031351 -173.472550 count=20
-2938.343045 -171.853684 count=21
-2932.473862 -172.769729 count=22
-2928.851843 -178.864261 count=23
-2916.724987 -186.448168 count=24
-2895.502247 -182.179373 count=25
-2896.727595 -175.694765 count=26
-2900.393564 -174.581843 count=27
-2870.850106 -175.442544 count=28
-2866.158790 -171.091419 count=29
-2862.713990 -165.567581 count=30
-2860.317754 -159.992756 count=31
-2852.529363 -163.643024 count=32
-2824.297897 -167.391075 count=33
-2796.823126 -163.354400 count=34
-2794.308068 -165.633919 count=35
-2796.763856 -161.422339 count=36
-2792.584019 -156.257086 count=37
-2786.503551 -159.225190 count=38
-2770.560106 -165.192009 count=39
-2762.904139 -168.576793 count=40
-2761.379362 -169.674846 count=41
-2745.534369 -167.966476 count=42
-2744.090230 -162.144540 count=43
-2742.327965 -162.616849 count=44
-2736.739324 -159.457107 count=45
-2736.004567 -158.681989 count=46
-2733.386928 -156.825942 count=47
-2728.980548 -155.522890 count=48
-2735.337354 -151.002049 count=49
-2721.435835 -150.395756 count=50
-2709.692718 -157.600678 count=51
-2714.218908 -155.726532 count=52
-2712.774157 -154.736816 count=53
-2705.870805 -152.549575 count=54
-2707.963729 -147.450136 count=55
-2705.291936 -148.478236 count=56
-2710.116563 -145.406305 count=57
-2710.214260 -144.292261 count=58
-2704.572513 -143.406590 count=59
-2708.144131 -140.258270 count=60
-2708.913199 -140.407097 count=61
-2711.410262 -140.594393 count=62
-2702.655349 -140.549024 count=63
-2701.844666 -140.695601 count=64
-2697.294440 -140.121111 count=65
-2667.396990 -141.005411 count=66
-2663.450158 -140.658702 count=67
-2666.262313 -140.308781 count=68
-2666.011340 -140.044348 count=69
-2666.394274 -142.775897 count=70
-2666.344896 -140.375499 count=71
-2665.919274 -139.190463 count=72
-2663.192627 -139.530544 count=73
-2662.525682 -141.439547 count=74
-2654.469560 -139.998053 count=75
-2652.872619 -141.558011 count=76
-2649.142637 -140.264801 count=77
-2642.944476 -139.512844 count=78
-2643.236812 -141.287308 count=79
-2641.344295 -140.541947 count=80
-2636.658646 -139.796219 count=81
-2617.868396 -140.325691 count=82
-2616.650054 -140.646087 count=83
-2615.851887 -142.638865 count=84
-2613.412016 -145.503575 count=85
-2616.281753 -141.131409 count=86
-2616.349042 -144.026649 count=87
-2615.668210 -140.374510 count=88
-2618.323366 -140.186766 count=89
-2615.749051 -139.216648 count=90
-2603.928742 -141.465879 count=91
-2607.714366 -139.406378 count=92
-2600.444147 -139.923399 count=93
-2600.266446 -139.333877 count=94
-2600.240228 -139.472089 count=95
-2594.354579 -139.220067 count=96
(((AY001631,(AY001642,AY001641)),(AY001639,AY001645)),(((AY001649,AY001650),((AY001654,AY001656),(((AY001644,AY001636),(AY001652,AY001660)),(AY001627,AY001653)))),(((((AY001619,AY001624),((AY001625,AY001646),((AY001622,AY001657),((AY001637,(AY001647,AY001633)),(AY001640,AY001629))))),AY001659),((AY001635,AY001626),(AY001651,AY001655))),((AY001620,AY001621),(((AY001648,AY001658),((AY001628,AY001623),(AY001643,AY001638))),(AY001630,AY001632))))))