-5432.995368 -197.506646 count=1
-5034.424567 -191.449512 count=2
-4378.317657 -196.482864 count=3
-4133.837636 -204.898229 count=4
-3655.636163 -210.604481 count=5
-3265.922627 -212.184027 count=6
-3128.437478 -218.863923 count=7
-3052.687487 -221.023615 count=8
-3053.137531 -212.132904 count=9
-2994.082011 -215.446233 count=10
-2974.087848 -213.875602 count=11
-2950.124480 -212.028470 count=12
-2931.459044 -212.727881 count=13
-2901.248678 -214.729913 count=14
-2911.118843 -205.165577 count=15
-2900.848804 -206.194831 count=16
-2904.853956 -198.170769 count=17
-2891.275906 -194.034466 count=18
-2879.793726 -188.802704 count=19
-2874.381619 -181.963502 count=20
-2879.628797 -176.124077 count=21
-2885.675208 -169.472185 count=22
-2847.382572 -173.782764 count=23
-2843.942572 -175.249286 count=24
-2839.119496 -169.455411 count=25
-2814.133148 -177.927811 count=26
-2811.330618 -171.791511 count=27
-2812.673524 -166.888961 count=28
-2815.852950 -162.400583 count=29
-2819.464662 -156.745097 count=30
-2791.638059 -154.980329 count=31
-2791.414602 -154.702322 count=32
-2788.354703 -158.266497 count=33
-2794.923316 -151.006687 count=34
-2787.733594 -150.877650 count=35
-2790.149152 -146.056094 count=36
-2786.498616 -142.091341 count=37
-2781.334791 -139.449477 count=38
-2774.436461 -137.269705 count=39
-2756.003659 -139.110019 count=40
-2750.079147 -142.794799 count=41
-2740.792514 -139.300559 count=42
-2731.030613 -137.129022 count=43
-2722.187264 -134.419445 count=44
-2708.700687 -136.834806 count=45
-2702.896646 -140.656398 count=46
-2705.891534 -138.413576 count=47
-2707.906937 -135.037977 count=48
-2707.166969 -135.227167 count=49
-2697.578840 -136.738753 count=50
-2688.817904 -135.472136 count=51
-2685.988401 -138.816612 count=52
-2670.278428 -137.970812 count=53
-2674.792196 -136.096638 count=54
-2671.396652 -134.921854 count=55
-2669.665197 -135.635819 count=56
-2663.112931 -139.048967 count=57
-2657.469158 -139.125957 count=58
-2657.947627 -137.023733 count=59
-2648.469749 -139.081191 count=60
-2654.010369 -134.959513 count=61
-2649.225282 -137.075751 count=62
-2648.593745 -135.223334 count=63
-2646.698806 -135.020383 count=64
-2639.072658 -136.248234 count=65
-2636.984966 -136.793961 count=66
-2635.304275 -137.471066 count=67
-2630.749666 -137.686231 count=68
-2624.815265 -138.847844 count=69
-2624.728937 -136.977259 count=70
-2623.855855 -137.836125 count=71
-2617.150951 -137.041754 count=72
-2611.561470 -136.528183 count=73
-2611.956184 -137.212785 count=74
-2606.934363 -138.876521 count=75
-2598.633599 -139.896437 count=76
-2596.441521 -139.334920 count=77
-2596.443664 -137.162711 count=78
-2594.434463 -137.576298 count=79
-2592.872353 -138.350469 count=80
-2593.339633 -138.233422 count=81
-2593.339948 -139.057238 count=82
-2592.808856 -137.228694 count=83
-2588.511499 -138.071006 count=84
-2585.063307 -140.263241 count=85
-2584.165213 -141.015540 count=86
-2582.053193 -141.141062 count=87
-2579.249788 -142.810942 count=88
-2577.977683 -144.233601 count=89
-2580.188251 -143.505336 count=90
-2579.185680 -140.476316 count=91
-2577.619529 -140.650492 count=92
((AY001641,AY001631),(((AY001630,AY001649),((AY001621,AY001654),((AY001623,AY001644),((AY001645,AY001648),AY001638)))),(((AY001660,(AY001625,AY001656)),AY001627),(((((AY001655,AY001653),((AY001620,AY001626),(((AY001652,AY001628),(AY001646,AY001651)),(AY001622,AY001624)))),(AY001636,AY001640)),((AY001629,((((AY001657,AY001650),AY001642),(AY001647,AY001659)),(AY001643,AY001637))),(AY001633,AY001635))),((AY001632,AY001639),(AY001619,AY001658))))))