-7773.035750 -222.908128 count=1
-6757.116039 -223.633307 count=2
-6740.343970 -224.450203 count=3
-6134.865389 -222.540804 count=4
-5651.927355 -215.729734 count=5
-5235.128236 -216.785888 count=6
-5061.029855 -218.988570 count=7
-4973.727898 -223.376427 count=8
-4941.422861 -225.196331 count=9
-4862.500782 -221.107569 count=10
-4809.639964 -230.914631 count=11
-4763.167905 -237.039718 count=12
-4669.602884 -231.025647 count=13
-4664.007977 -233.276029 count=14
-4649.765575 -222.402881 count=15
-4636.581589 -221.241736 count=16
-4625.301431 -220.209396 count=17
-4617.117990 -227.728864 count=18
-4594.781983 -223.272370 count=19
-4567.668391 -230.500090 count=20
-4546.036041 -223.176706 count=21
-4434.909838 -215.922034 count=22
-4419.303105 -225.968604 count=23
-4407.816233 -230.594081 count=24
-4364.360341 -236.946659 count=25
-4308.435966 -244.894036 count=26
-4297.403066 -254.860495 count=27
-4280.359791 -258.282081 count=28
-4238.535986 -261.728192 count=29
-4217.841698 -274.024462 count=30
-4216.049666 -270.321925 count=31
-4206.960343 -276.572163 count=32
-4172.379065 -275.019201 count=33
-4158.951673 -274.097249 count=34
-4149.809298 -267.016404 count=35
-4129.921126 -275.738960 count=36
-4121.644418 -277.830054 count=37
-4099.370253 -282.706806 count=38
-4100.723262 -278.233957 count=39
-4069.726315 -287.682313 count=40
-4046.326438 -284.440637 count=41
-4037.468508 -282.043642 count=42
-4026.734417 -280.200706 count=43
-4015.615788 -278.958864 count=44
-4009.557623 -268.015781 count=45
-3996.936507 -266.973540 count=46
-3990.119612 -265.357750 count=47
-3982.927727 -259.160727 count=48
-3971.031929 -253.696232 count=49
-3976.241079 -243.108432 count=50
-3983.379095 -229.450974 count=51
-3973.405079 -234.819803 count=52
-3972.190701 -227.630225 count=53
-3970.824987 -227.660274 count=54
-3969.065631 -226.576034 count=55
-3973.541011 -221.979487 count=56
-3980.271538 -214.273651 count=57
-3974.720234 -208.480564 count=58
-3968.515612 -202.372966 count=59
-3961.034747 -202.748671 count=60
-3961.334078 -196.323749 count=61
-3949.515387 -204.687143 count=62
-3940.965558 -195.686261 count=63
-3939.351450 -188.184031 count=64
-3939.754585 -183.705997 count=65
-3918.107525 -189.080465 count=66
-3900.802718 -183.798326 count=67
-3896.656347 -184.193884 count=68
-3885.411929 -183.927283 count=69
-3873.873650 -187.595933 count=70
-3875.335934 -185.728068 count=71
-3847.712986 -186.099484 count=72
-3843.638990 -185.134567 count=73
-3830.950602 -181.818845 count=74
-3810.281651 -176.409300 count=75
-3804.525260 -175.212889 count=76
-3781.966922 -177.561279 count=77
-3776.773363 -172.625175 count=78
-3759.043529 -173.772644 count=79
-3754.451491 -168.376260 count=80
-3752.645913 -168.731901 count=81
-3746.366572 -168.519290 count=82
-3744.087470 -167.381330 count=83
-3729.006895 -168.546179 count=84
-3719.042205 -169.028906 count=85
-3698.797742 -171.214681 count=86
-3696.911907 -170.230378 count=87
-3694.374777 -169.168894 count=88
-3692.886076 -169.635819 count=89
-3694.422411 -168.755196 count=90
-3692.428305 -170.972700 count=91
-3682.456953 -168.089616 count=92
-3679.822386 -169.302063 count=93
-3681.417561 -169.129319 count=94
-3678.323145 -171.604775 count=95
-3681.046183 -169.953115 count=96
-3682.917616 -168.430949 count=97
-3682.028180 -169.735972 count=98
-3684.224962 -168.848325 count=99
-3678.830431 -168.800826 count=100
-3672.469752 -170.474946 count=101
-3673.180626 -168.724503 count=102
-3671.328947 -169.999448 count=103
-3666.675685 -171.722868 count=104
((AY000436,(AY000450,AY000431)),(((AY000469,AY000465),((AY000455,AY000434),((AY000443,AY000453),(((AY000454,AY000447),(AY000460,AY000430)),((AY000449,AY000468),((AY000444,AY000442),((AY000445,AY000424),(AY000457,AY000448)))))))),(((AY000433,AY000464),(((((AY000427,AY000425),AY000429),(AY000435,(AY000426,(AY000440,AY000428)))),(AY000421,AY000458)),((AY000452,AY000439),((AY000467,AY000438),(((AY000456,AY000459),AY000422),((AY000446,AY000423),((AY000463,AY000432),(AY000437,AY000466)))))))),((AY000441,AY000461),AY000462))))