-5080.695102 -180.988762 count=1
-4421.481831 -183.131843 count=2
-3865.113138 -183.980658 count=3
-3397.310314 -192.082146 count=4
-3171.681572 -183.744037 count=5
-3041.182910 -193.485645 count=6
-3004.352234 -195.145816 count=7
-2977.882208 -195.540687 count=8
-2956.932913 -204.608493 count=9
-2938.046061 -203.148600 count=10
-2927.697378 -211.372547 count=11
-2898.359386 -220.242394 count=12
-2893.303979 -211.118188 count=13
-2886.068197 -216.038817 count=14
-2867.515198 -207.708285 count=15
-2853.287371 -214.091491 count=16
-2838.336871 -205.160180 count=17
-2818.746008 -200.147415 count=18
-2816.022393 -191.423394 count=19
-2809.460250 -198.686233 count=20
-2798.036952 -194.469879 count=21
-2799.823989 -189.181611 count=22
-2805.960846 -178.984326 count=23
-2802.923761 -173.949277 count=24
-2799.739439 -176.941688 count=25
-2790.083839 -176.766591 count=26
-2790.508905 -169.075335 count=27
-2796.730444 -164.529547 count=28
-2799.110467 -157.168828 count=29
-2794.187207 -153.152893 count=30
-2793.956362 -151.802374 count=31
-2773.072464 -147.851471 count=32
-2763.164940 -145.874833 count=33
-2759.607804 -145.635476 count=34
-2761.746702 -141.370843 count=35
-2743.275605 -140.714792 count=36
-2743.763737 -138.267224 count=37
-2737.865811 -137.104573 count=38
-2730.958216 -138.318576 count=39
-2727.273914 -139.986397 count=40
-2726.524305 -139.966426 count=41
-2724.569395 -138.767699 count=42
-2711.216769 -139.986700 count=43
-2710.128425 -142.115954 count=44
-2710.207752 -138.854608 count=45
-2702.748840 -141.596896 count=46
-2704.931088 -140.810787 count=47
-2698.291787 -139.778744 count=48
-2689.122036 -140.174826 count=49
-2691.566747 -140.088336 count=50
-2696.103465 -136.679102 count=51
-2692.449720 -137.592364 count=52
-2689.304067 -140.145450 count=53
-2686.030281 -136.309310 count=54
-2680.588023 -138.069951 count=55
-2681.861618 -137.432007 count=56
-2681.534602 -137.580276 count=57
-2682.657232 -137.796977 count=58
-2680.512297 -136.382735 count=59
-2677.936595 -137.437199 count=60
-2675.658751 -138.418477 count=61
-2675.570026 -139.763086 count=62
-2671.663698 -138.839892 count=63
-2672.055440 -137.741994 count=64
-2668.637040 -138.640060 count=65
-2668.027363 -138.793102 count=66
-2664.433090 -137.349692 count=67
-2664.182406 -137.116020 count=68
-2663.086544 -138.187150 count=69
-2660.153831 -138.794533 count=70
-2657.562303 -139.269241 count=71
-2660.501216 -137.417259 count=72
-2658.377465 -139.615800 count=73
-2656.988427 -142.355597 count=74
-2657.574309 -139.193518 count=75
-2659.350648 -138.984831 count=76
-2654.752947 -138.661457 count=77
-2652.261827 -137.417696 count=78
-2643.672487 -139.440798 count=79
-2641.229528 -140.899086 count=80
-2638.534794 -143.020994 count=81
-2643.467711 -137.456272 count=82
-2644.749011 -138.265951 count=83
-2645.076380 -138.028611 count=84
-2646.786793 -137.154239 count=85
-2641.371835 -137.694997 count=86
((((((AY001644,AY001639),(AY001654,(AY001649,AY001660))),(AY001621,AY001625)),(((AY001631,AY001645),(AY001623,(((AY001648,AY001638),AY001633),(AY001632,AY001658)))),(((AY001636,AY001620),(AY001628,(AY001659,AY001626))),(((AY001655,AY001647),AY001635),(AY001641,AY001657))))),(((AY001629,((AY001624,AY001640),(AY001653,AY001650))),((AY001646,AY001619),((AY001622,AY001630),(AY001642,AY001637)))),(AY001652,AY001651))),((AY001643,AY001656),AY001627))