-6497.935856 -185.674822 count=1
-5515.008167 -185.045557 count=2
-4978.143365 -179.297748 count=3
-4512.816468 -179.406146 count=4
-4448.957287 -181.206220 count=5
-4431.445860 -187.741136 count=6
-4213.023809 -187.274282 count=7
-4084.317720 -182.402585 count=8
-4044.245866 -179.465508 count=9
-3991.598709 -178.785455 count=10
-3980.778136 -179.799357 count=11
-3954.030560 -187.944360 count=12
-3908.098059 -187.735743 count=13
-3880.670521 -182.680279 count=14
-3872.792795 -188.618607 count=15
-3828.880940 -197.242066 count=16
-3786.358093 -196.247471 count=17
-3768.596844 -202.205025 count=18
-3763.741556 -193.192429 count=19
-3762.457332 -184.975919 count=20
-3763.519979 -181.120225 count=21
-3747.802876 -182.064109 count=22
-3731.219078 -188.472946 count=23
-3710.385351 -196.556645 count=24
-3709.582694 -188.898862 count=25
-3692.584863 -189.176328 count=26
-3683.102974 -187.489944 count=27
-3685.993767 -182.315737 count=28
-3672.276778 -183.120933 count=29
-3675.105099 -177.849644 count=30
-3682.648746 -169.480940 count=31
-3663.736386 -175.048048 count=32
-3656.107327 -174.667855 count=33
-3653.490168 -167.654454 count=34
-3645.967745 -168.534220 count=35
-3650.333906 -163.751882 count=36
-3633.933302 -166.673281 count=37
-3635.013981 -162.058690 count=38
-3622.082314 -162.375058 count=39
-3616.778708 -161.840251 count=40
-3616.029359 -162.348008 count=41
-3560.271908 -163.061045 count=42
-3559.617238 -163.475319 count=43
-3532.087857 -163.616604 count=44
-3526.151447 -166.307111 count=45
-3522.125343 -168.543276 count=46
-3507.239873 -168.559717 count=47
-3498.792805 -166.493394 count=48
-3486.490913 -166.251857 count=49
-3449.400703 -172.503833 count=50
-3421.290003 -175.867879 count=51
-3416.479649 -172.899944 count=52
-3414.180506 -172.895029 count=53
-3406.056159 -168.799499 count=54
-3405.020493 -164.777443 count=55
-3368.891806 -160.626346 count=56
-3371.876537 -157.743526 count=57
-3369.881376 -154.256770 count=58
-3363.590870 -151.398570 count=59
-3347.421332 -154.020487 count=60
-3335.891810 -152.670984 count=61
-3338.272587 -150.013309 count=62
-3337.147372 -151.360086 count=63
-3336.759904 -152.958403 count=64
-3327.335674 -156.271667 count=65
-3328.146026 -152.371882 count=66
-3327.541390 -151.245261 count=67
-3327.603553 -150.838282 count=68
-3312.453352 -151.714946 count=69
-3307.918639 -153.275396 count=70
-3306.028851 -152.449608 count=71
-3304.625108 -154.503110 count=72
-3301.234559 -154.941554 count=73
-3300.451921 -155.628217 count=74
-3295.093497 -153.446696 count=75
-3298.112004 -151.797431 count=76
-3293.669915 -153.364909 count=77
-3295.448109 -151.790182 count=78
-3290.386188 -153.980457 count=79
-3281.905653 -154.538530 count=80
-3279.524041 -153.441958 count=81
-3278.632104 -154.134416 count=82
-3279.297548 -154.747224 count=83
-3281.525194 -153.572006 count=84
-3278.352229 -154.620952 count=85
-3272.637731 -156.841790 count=86
-3271.328868 -155.896495 count=87
-3266.418710 -155.655907 count=88
-3266.481767 -155.252903 count=89
-3257.380834 -155.932375 count=90
-3256.166181 -155.359344 count=91
-3260.564760 -153.908897 count=92
-3257.621291 -154.533100 count=93
-3248.959562 -155.900575 count=94
-3243.201307 -154.524517 count=95
-3243.331909 -153.595332 count=96
-3240.647041 -153.642570 count=97
-3236.220810 -155.613260 count=98
-3234.414328 -154.069191 count=99
-3238.095540 -152.860899 count=100
-3227.034177 -152.842092 count=101
-3227.675457 -154.810279 count=102
-3227.379877 -153.852784 count=103
-3229.229407 -154.764372 count=104
-3228.005009 -155.716677 count=105
(((AY000560,AY000558),((AY000566,AY000542),AY000584)),(((AY000583,AY000574),((AY000562,AY000544),(((AY000559,AY000551),((((AY000548,AY000556),((((AY000563,AY000565),AY000564),AY000569),(AY000547,AY000568))),(((AY000575,AY000570),(AY000579,AY000571)),((AY000573,AY000582),((AY000546,AY000550),(AY000553,(((AY000572,AY000577),AY000580),(((AY000576,AY000545),AY000554),(AY000581,AY000555)))))))),(AY000557,AY000540))),((AY000586,AY000549),(AY000543,AY000552))))),(AY000585,AY000567)))