-5830.894896 -225.151312 count=1
-5216.497199 -218.043681 count=2
-4592.514053 -226.865408 count=3
-4558.257298 -224.454590 count=4
-4358.549948 -214.663633 count=5
-4260.082718 -207.986970 count=6
-4173.795539 -200.144741 count=7
-4137.532272 -196.376854 count=8
-4115.567717 -196.776064 count=9
-4095.401963 -188.764859 count=10
-4086.058486 -188.107970 count=11
-4042.069182 -188.640419 count=12
-3985.452104 -188.796573 count=13
-3946.717457 -179.760928 count=14
-3929.815896 -181.530754 count=15
-3916.061531 -179.034329 count=16
-3906.006474 -178.034334 count=17
-3861.558723 -172.716892 count=18
-3847.100497 -173.919572 count=19
-3849.947565 -169.963205 count=20
-3848.709168 -170.746332 count=21
-3825.731414 -171.396866 count=22
-3813.291739 -167.509401 count=23
-3784.827845 -169.847655 count=24
-3774.755856 -166.903370 count=25
-3761.276488 -170.022999 count=26
-3761.104989 -167.484571 count=27
-3756.271281 -168.446887 count=28
-3726.264848 -168.007810 count=29
-3699.007538 -169.928999 count=30
-3696.273632 -170.641785 count=31
-3693.180161 -173.001433 count=32
-3677.153279 -171.605327 count=33
-3684.785378 -169.143115 count=34
-3680.009164 -166.076932 count=35
-3678.448231 -167.885646 count=36
-3674.447641 -168.263116 count=37
-3669.605482 -169.627247 count=38
-3665.167454 -171.696092 count=39
-3658.770301 -171.272946 count=40
-3654.012669 -173.526264 count=41
-3646.414663 -170.965378 count=42
-3642.939604 -171.297117 count=43
-3620.110346 -173.675983 count=44
-3621.167876 -172.656832 count=45
-3621.711322 -170.317510 count=46
-3612.579031 -171.247957 count=47
-3587.974750 -174.358744 count=48
-3581.113735 -182.601360 count=49
-3579.813733 -172.769939 count=50
-3570.661364 -173.274246 count=51
-3573.913805 -168.963144 count=52
-3571.986424 -168.201867 count=53
-3569.987921 -168.666165 count=54
-3543.734440 -171.178954 count=55
-3525.231193 -170.643252 count=56
-3521.067582 -169.494181 count=57
-3514.447512 -170.736287 count=58
-3518.593705 -170.116506 count=59
-3513.626899 -170.610316 count=60
-3493.993130 -174.624273 count=61
-3484.940821 -175.953430 count=62
-3480.032405 -174.812514 count=63
-3483.806662 -172.344498 count=64
-3477.242988 -173.832394 count=65
-3475.367734 -175.318319 count=66
-3471.795192 -177.869764 count=67
-3465.161085 -176.884762 count=68
-3457.963936 -178.087486 count=69
-3447.109290 -175.662903 count=70
-3448.069905 -171.645396 count=71
-3450.050395 -170.814839 count=72
-3447.728959 -172.661375 count=73
-3439.680383 -172.498540 count=74
-3432.803189 -171.122414 count=75
-3431.143730 -170.882058 count=76
-3430.586047 -170.385092 count=77
-3430.533606 -170.779580 count=78
-3431.731789 -169.300586 count=79
-3431.446594 -171.416370 count=80
-3428.560424 -170.805837 count=81
-3427.680592 -171.089543 count=82
-3422.222815 -171.937384 count=83
-3411.567711 -174.674306 count=84
-3404.913901 -170.108330 count=85
-3403.967328 -170.222631 count=86
-3399.614204 -170.392109 count=87
-3397.230216 -168.166631 count=88
-3384.131137 -169.486615 count=89
-3385.024557 -169.491111 count=90
-3385.773469 -166.913603 count=91
-3379.575491 -172.400892 count=92
-3375.746143 -169.026667 count=93
-3365.178363 -169.211694 count=94
-3365.882132 -167.750926 count=95
-3360.766047 -168.988953 count=96
-3363.367139 -166.909763 count=97
-3353.884948 -168.696750 count=98
-3342.554389 -165.989725 count=99
-3338.513976 -169.706877 count=100
-3333.633974 -169.025966 count=101
-3333.038523 -167.457758 count=102
-3328.948215 -170.184143 count=103
-3322.465140 -169.471463 count=104
-3324.770983 -166.739383 count=105
-3326.912988 -165.467700 count=106
-3324.126691 -165.491482 count=107
-3319.970332 -165.796692 count=108
-3308.445698 -169.386906 count=109
-3300.395315 -168.094772 count=110
-3293.278929 -166.844755 count=111
-3291.898923 -168.574200 count=112
-3271.051799 -172.314925 count=113
-3275.019901 -168.038120 count=114
-3270.432963 -171.145842 count=115
-3271.052045 -170.127232 count=116
-3264.656924 -169.260440 count=117
-3263.246285 -168.232157 count=118
-3264.594751 -166.544830 count=119
-3256.276441 -167.315342 count=120
-3256.235271 -167.089101 count=121
-3250.214511 -168.729139 count=122
-3252.046568 -165.845941 count=123
-3245.186665 -169.471703 count=124
-3240.095333 -171.451645 count=125
-3233.893653 -172.587924 count=126
-3236.913040 -170.960069 count=127
-3239.847406 -169.447318 count=128
-3235.121593 -170.850510 count=129
((((AY001567,AY001582),(AY001570,AY001566)),((((AY001578,AY001571),(((AY001609,AY001577),((AY001616,AY001594),((((AY001592,AY001615),((AY001585,((AY001574,((AY001603,AY001573),((AY001599,AY001601),((AY001595,AY001602),(AY001607,AY001604))))),(AY001611,AY001579))),(AY001575,AY001572))),(AY001586,AY001593)),(AY001597,AY001580)))),((AY001617,AY001588),((AY001605,AY001590),((AY001598,AY001584),(AY001589,AY001581)))))),(((AY001591,AY001606),(((AY001613,AY001600),(AY001576,AY001614)),(AY001612,AY001569))),(AY001608,AY001583))),(AY001587,(AY001618,AY001565)))),((AY001596,AY001564),AY001563))