-4018.554167 -173.522191 count=1
-3942.893659 -174.228942 count=2
-3193.937574 -177.935187 count=3
-2950.870545 -184.210360 count=4
-2656.937493 -190.441703 count=5
-2620.748592 -191.042760 count=6
-2549.627491 -190.250193 count=7
-2537.934235 -190.274031 count=8
-2531.137174 -194.073534 count=9
-2533.467133 -186.107411 count=10
-2518.152065 -191.907752 count=11
-2517.554302 -189.162627 count=12
-2513.182336 -192.169505 count=13
-2490.708996 -191.282879 count=14
-2459.001569 -194.674503 count=15
-2422.295703 -202.536204 count=16
-2412.784905 -200.524627 count=17
-2420.041153 -193.766621 count=18
-2394.075898 -201.605569 count=19
-2392.518040 -197.664533 count=20
-2385.979773 -202.487267 count=21
-2376.494180 -200.696863 count=22
-2355.361707 -204.671594 count=23
-2349.607791 -203.765060 count=24
-2338.238377 -207.691460 count=25
-2324.774165 -203.895846 count=26
-2305.832418 -199.193734 count=27
-2301.684017 -197.409838 count=28
-2296.388449 -191.448786 count=29
-2279.836673 -185.083414 count=30
-2271.012541 -182.831478 count=31
-2269.762441 -173.063194 count=32
-2260.196668 -179.231811 count=33
-2250.726956 -184.720537 count=34
-2249.374641 -182.387166 count=35
-2245.081647 -182.738349 count=36
-2232.912037 -190.126780 count=37
-2230.918175 -183.901532 count=38
-2230.043894 -183.343937 count=39
-2227.926560 -183.525594 count=40
-2220.911802 -186.274343 count=41
-2216.583489 -184.205964 count=42
-2211.051414 -187.616088 count=43
-2198.412678 -193.499884 count=44
-2190.648182 -189.899435 count=45
-2194.301373 -186.068764 count=46
-2199.583222 -180.576951 count=47
-2189.568492 -185.931355 count=48
-2179.224776 -184.307715 count=49
-2176.506605 -186.618574 count=50
-2164.795854 -179.448769 count=51
-2158.138168 -176.207020 count=52
-2151.128496 -178.745278 count=53
-2156.851475 -172.514431 count=54
-2158.774215 -166.162642 count=55
-2162.810274 -160.527341 count=56
-2167.998528 -154.054793 count=57
-2158.523473 -159.363141 count=58
-2151.432575 -155.778758 count=59
-2151.951197 -149.119430 count=60
-2149.794409 -144.576437 count=61
-2156.232593 -139.027522 count=62
-2157.479481 -134.756228 count=63
-2149.787868 -128.900379 count=64
-2151.745706 -124.044540 count=65
-2151.755461 -123.460459 count=66
-2152.260798 -119.931715 count=67
-2151.451041 -117.647460 count=68
-2153.872050 -115.299140 count=69
-2153.214362 -112.944746 count=70
-2150.136498 -114.748458 count=71
-2147.600988 -116.249403 count=72
-2144.031631 -118.618806 count=73
-2148.393054 -114.812757 count=74
-2135.861509 -115.183588 count=75
-2137.893745 -113.552407 count=76
-2137.554412 -112.374632 count=77
-2137.881312 -112.161795 count=78
-2137.422659 -112.891725 count=79
-2135.031196 -112.630940 count=80
-2134.504958 -112.134189 count=81
-2124.064687 -115.230684 count=82
-2115.012457 -115.610380 count=83
-2111.909980 -115.419621 count=84
-2113.863501 -113.910863 count=85
-2108.306809 -112.921913 count=86
-2104.870995 -115.156383 count=87
-2105.510990 -112.643176 count=88
-2099.639119 -114.831308 count=89
-2097.509676 -114.984285 count=90
-2087.081129 -116.684881 count=91
-2085.795888 -114.762847 count=92
-2084.382100 -115.606303 count=93
-2085.742308 -114.110675 count=94
-2079.774720 -115.504818 count=95
-2075.196915 -113.590799 count=96
-2073.008962 -114.241654 count=97
-2068.786617 -116.475833 count=98
-2069.400531 -117.698488 count=99
-2069.763465 -115.357817 count=100
-2066.324594 -116.074375 count=101
-2068.808889 -114.965172 count=102
-2062.167427 -114.375746 count=103
-2063.583883 -115.446862 count=104
-2061.626037 -116.822369 count=105
-2064.115368 -115.099632 count=106
-2064.533206 -114.952757 count=107
-2064.530602 -115.813305 count=108
-2058.836360 -121.638066 count=109
-2060.740840 -118.162931 count=110
-2066.177215 -114.526169 count=111
-2062.910696 -114.843161 count=112
-2062.438454 -114.882295 count=113
-2056.104776 -115.788587 count=114
-2054.492067 -114.120693 count=115
-2053.317944 -115.233579 count=116
-2048.818709 -116.057811 count=117
-2049.966801 -114.004913 count=118
(((((AY001674,AY001684),AY001681),((AY001695,AY001686),((AY001696,AY001677),((AY001688,AY001700),(((AY001680,AY001668),((((AY001689,AY001685),(AY001669,AY001665)),(AY001661,AY001699)),((AY001690,AY001683),(AY001670,AY001693)))),AY001687))))),((AY001692,AY001697),(AY001673,(AY001666,AY001691)))),(((AY001662,AY001675),((AY001671,AY001694),(AY001676,AY001672))),((AY001682,AY001667),(AY001678,AY001663))))