-3524.943122 -163.652428 count=1
-3497.797436 -163.586138 count=2
-3344.816297 -165.678887 count=3
-3203.651602 -160.685689 count=4
-3062.772689 -158.714562 count=5
-2938.431119 -156.770018 count=6
-2868.714032 -164.514787 count=7
-2868.265472 -161.461002 count=8
-2830.504385 -164.045710 count=9
-2784.828224 -158.385326 count=10
-2718.326765 -153.048969 count=11
-2713.674102 -153.706243 count=12
-2676.749021 -149.791857 count=13
-2626.022410 -145.389384 count=14
-2603.131472 -149.175585 count=15
-2584.878956 -149.912453 count=16
-2580.213356 -151.200639 count=17
-2563.730623 -152.003730 count=18
-2557.666506 -144.165576 count=19
-2546.471611 -138.464123 count=20
-2539.972358 -136.650277 count=21
-2495.030204 -142.473213 count=22
-2475.346188 -146.390837 count=23
-2454.663870 -143.334867 count=24
-2423.689377 -148.876007 count=25
-2422.801359 -145.591046 count=26
-2426.326811 -142.486736 count=27
-2394.066918 -137.281328 count=28
-2367.810050 -144.498524 count=29
-2339.450545 -142.189280 count=30
-2323.436208 -141.239782 count=31
-2318.693802 -132.939056 count=32
-2321.053519 -129.439676 count=33
-2315.272363 -132.384493 count=34
-2304.578236 -128.105834 count=35
-2280.493933 -128.642445 count=36
-2282.241287 -126.843673 count=37
-2282.297482 -123.220772 count=38
-2273.078810 -124.531700 count=39
-2265.070692 -126.498191 count=40
-2254.655295 -121.014423 count=41
-2253.732816 -118.816902 count=42
-2238.372267 -118.449066 count=43
-2236.885845 -118.577462 count=44
-2237.189542 -120.512825 count=45
-2235.802664 -123.079385 count=46
-2229.112428 -123.181891 count=47
-2229.625042 -122.675608 count=48
-2214.820987 -121.082323 count=49
-2197.915504 -119.745607 count=50
-2192.062464 -116.239713 count=51
-2189.917803 -114.446109 count=52
-2167.062471 -115.920718 count=53
-2164.677494 -113.006820 count=54
-2163.046897 -112.148908 count=55
-2164.683986 -112.951429 count=56
-2162.569312 -114.539925 count=57
-2158.569508 -111.863010 count=58
-2145.714106 -111.295547 count=59
-2146.844577 -113.515120 count=60
-2145.483820 -113.172651 count=61
-2132.623418 -113.926772 count=62
-2123.240571 -113.000385 count=63
-2115.167446 -114.029011 count=64
-2112.662953 -113.606508 count=65
-2112.230051 -112.962926 count=66
-2106.776849 -113.621587 count=67
-2108.890896 -113.015702 count=68
-2085.196268 -115.002121 count=69
-2074.247687 -115.105467 count=70
-2071.932975 -114.359817 count=71
-2070.952594 -116.128564 count=72
-2071.073535 -114.402923 count=73
-2070.418415 -114.203486 count=74
-2065.688333 -113.074707 count=75
-2059.389511 -114.595917 count=76
-2059.284059 -115.684429 count=77
-2058.020902 -115.219105 count=78
-2054.391494 -116.122703 count=79
-2048.779930 -115.615149 count=80
-2045.550230 -115.401344 count=81
-2031.760356 -120.777965 count=82
-2028.764974 -123.005259 count=83
-2026.664340 -121.428003 count=84
-2025.066436 -119.943500 count=85
-2022.686173 -120.382283 count=86
-2024.141641 -118.374374 count=87
-2019.729825 -120.404666 count=88
-2020.443034 -119.318892 count=89
-2019.610909 -120.331280 count=90
-2021.922334 -119.797062 count=91
-2020.090949 -118.026456 count=92
-2018.493813 -116.409779 count=93
-2018.570776 -117.448115 count=94
-2016.225987 -119.470952 count=95
-2015.545689 -119.356647 count=96
-2017.314904 -120.648925 count=97
-2018.372667 -118.957307 count=98
-2013.719417 -118.939326 count=99
-2011.935030 -119.483842 count=100
-2008.949509 -115.501197 count=101
-2002.559010 -117.117557 count=102
-2001.936579 -117.562199 count=103
-2000.957100 -118.887572 count=104
-1999.393842 -118.561239 count=105
-1999.215623 -117.260123 count=106
-1999.124049 -117.126789 count=107
-1998.456684 -115.747439 count=108
-1992.508785 -118.282194 count=109
-1986.441424 -121.167353 count=110
-1986.280605 -118.975940 count=111
(((AY001686,((AY001676,AY001688),(AY001671,AY001668))),((AY001675,AY001672),(((AY001682,AY001681),AY001678),AY001662))),(((AY001697,AY001691),((AY001699,AY001673),((AY001692,AY001693),(AY001694,AY001689)))),(((AY001667,AY001661),(AY001666,AY001696)),(((AY001669,AY001700),((((AY001680,AY001690),(((AY001663,AY001683),(AY001665,AY001695)),AY001684)),AY001670),(AY001685,AY001677))),(AY001687,AY001674)))))