-5814.212294 -208.795970 count=1
-5440.859930 -207.837700 count=2
-5316.619559 -208.357741 count=3
-5144.207121 -221.329460 count=4
-5141.216839 -218.897780 count=5
-5056.746520 -217.634614 count=6
-5019.585556 -212.564266 count=7
-4985.071564 -214.193256 count=8
-4955.017570 -214.298389 count=9
-4969.540812 -199.796517 count=10
-4930.431284 -204.612365 count=11
-4867.173665 -198.707551 count=12
-4857.452777 -204.332083 count=13
-4820.444718 -206.563156 count=14
-4825.617986 -199.594720 count=15
-4783.934421 -204.474214 count=16
-4768.665902 -196.888273 count=17
-4759.075802 -193.362145 count=18
-4752.540999 -190.906135 count=19
-4733.564355 -182.117691 count=20
-4723.250922 -185.600896 count=21
-4705.453018 -173.900549 count=22
-4695.970250 -178.197533 count=23
-4707.306410 -166.740473 count=24
-4701.813225 -166.246605 count=25
-4660.222391 -164.997657 count=26
-4643.795844 -158.840140 count=27
-4625.485476 -159.218171 count=28
-4625.395972 -151.683687 count=29
-4620.207709 -155.721644 count=30
-4593.973737 -150.062409 count=31
-4581.050650 -158.174906 count=32
-4567.569261 -164.651752 count=33
-4571.791190 -153.005372 count=34
-4543.654763 -162.142518 count=35
-4528.759802 -176.380296 count=36
-4515.453380 -171.345672 count=37
-4507.291902 -169.543177 count=38
-4492.142678 -171.233235 count=39
-4493.182691 -164.672166 count=40
-4476.607489 -163.382996 count=41
-4471.219560 -157.734734 count=42
-4468.594645 -148.960590 count=43
-4470.758720 -138.457856 count=44
-4477.079586 -131.757460 count=45
-4474.001330 -133.482912 count=46
-4435.795603 -122.816248 count=47
-4428.211637 -120.222915 count=48
-4429.641191 -119.225099 count=49
-4399.663779 -119.834491 count=50
-4395.921848 -117.124520 count=51
-4385.293557 -115.384311 count=52
-4379.004207 -117.705544 count=53
-4373.505992 -121.333191 count=54
-4357.733277 -115.497746 count=55
-4347.747612 -122.106542 count=56
-4299.263752 -126.664845 count=57
-4295.089882 -130.098958 count=58
-4288.868532 -136.230125 count=59
-4286.240067 -138.408157 count=60
-4264.638060 -135.148879 count=61
-4269.356072 -129.485169 count=62
-4261.490415 -129.012043 count=63
-4249.155407 -133.414818 count=64
-4247.929621 -130.904131 count=65
-4245.033530 -122.767995 count=66
-4243.518373 -121.086006 count=67
-4248.016402 -114.232570 count=68
-4245.461489 -110.961272 count=69
-4225.645594 -118.527189 count=70
-4220.201434 -114.890273 count=71
-4218.984169 -111.264371 count=72
-4220.236011 -109.576364 count=73
-4221.032402 -107.903362 count=74
-4221.412572 -106.460474 count=75
-4216.683665 -107.344705 count=76
-4211.825522 -108.037802 count=77
-4208.877519 -108.606762 count=78
-4206.955988 -110.170150 count=79
-4205.009781 -112.275195 count=80
-4187.913091 -108.994176 count=81
-4189.798207 -107.055732 count=82
-4172.643839 -107.165679 count=83
-4169.610572 -110.300850 count=84
-4155.352402 -109.099783 count=85
-4154.571281 -107.874712 count=86
-4146.089339 -116.843527 count=87
-4150.645531 -108.439101 count=88
-4144.034900 -105.600456 count=89
-4137.778950 -105.701326 count=90
-4129.968576 -108.142882 count=91
-4130.619045 -105.785394 count=92
-4131.424030 -100.740370 count=93
-4127.920809 -102.534097 count=94
-4115.417179 -110.038228 count=95
-4116.911700 -106.078900 count=96
-4104.288179 -104.353832 count=97
-4103.158403 -105.851410 count=98
-4103.388554 -104.025325 count=99
(((AY000637,((AY000647,(AY000645,(AY000589,AY000642))),(((AY000626,AY000632),AY000602),((AY000622,(((AY000609,AY000620),((AY000629,AY000611),(AY000613,AY000641))),((((AY000643,AY000591),(AY000592,AY000614)),(AY000590,AY000644)),(AY000639,AY000601)))),((((AY000604,AY000617),(AY000630,AY000619)),(((AY000593,AY000599),((AY000606,AY000607),(AY000623,AY000631))),(AY000605,AY000624))),(AY000588,AY000646)))))),(((((AY000596,AY000633),(AY000648,AY000600)),(((((AY000636,AY000628),(AY000610,AY000627)),(((AY000595,AY000638),(AY000616,AY000612)),AY000608)),(AY000598,AY000615)),AY000587)),AY000640),(AY000635,AY000618))),((AY000594,AY000634),AY000621))