-5625.074614 -201.449109 count=1
-5595.979208 -206.044076 count=2
-5370.447439 -216.918632 count=3
-5298.123256 -208.946018 count=4
-5250.056959 -202.140798 count=5
-5175.356634 -205.391640 count=6
-5114.557440 -203.573759 count=7
-5042.108502 -208.782820 count=8
-4959.450757 -204.287203 count=9
-4932.124214 -208.108758 count=10
-4932.562366 -210.876097 count=11
-4931.296977 -202.284296 count=12
-4927.894405 -202.067187 count=13
-4898.588928 -187.932111 count=14
-4885.021749 -198.155862 count=15
-4888.993290 -187.842222 count=16
-4873.820471 -181.141112 count=17
-4840.492765 -189.095002 count=18
-4836.164055 -191.194716 count=19
-4835.597529 -180.807700 count=20
-4835.056351 -170.570476 count=21
-4812.587445 -183.047003 count=22
-4800.727193 -187.387093 count=23
-4773.030722 -190.386177 count=24
-4772.184498 -182.924725 count=25
-4765.255916 -183.521257 count=26
-4754.409319 -172.817020 count=27
-4761.037697 -165.185437 count=28
-4734.398464 -166.296123 count=29
-4733.997713 -155.660455 count=30
-4717.539382 -156.715300 count=31
-4703.155912 -165.911337 count=32
-4710.236744 -158.993783 count=33
-4685.449106 -159.579628 count=34
-4655.595620 -168.349568 count=35
-4654.378219 -162.290207 count=36
-4609.098135 -157.307524 count=37
-4609.318786 -146.716533 count=38
-4595.127856 -156.545182 count=39
-4588.816634 -155.008842 count=40
-4593.041308 -145.287664 count=41
-4576.061966 -139.854552 count=42
-4574.562533 -129.546099 count=43
-4573.910638 -129.548938 count=44
-4571.937492 -132.376484 count=45
-4577.792441 -127.185267 count=46
-4572.161846 -131.300015 count=47
-4558.749037 -138.480803 count=48
-4558.447909 -130.492113 count=49
-4552.752608 -126.738955 count=50
-4543.347183 -119.026176 count=51
-4510.283266 -124.709807 count=52
-4493.516177 -123.231496 count=53
-4499.418417 -114.417550 count=54
-4495.520711 -109.001956 count=55
-4483.898184 -108.751321 count=56
-4474.999494 -107.428956 count=57
-4457.458814 -110.853894 count=58
-4446.817158 -109.747336 count=59
-4423.246552 -111.718980 count=60
-4410.424784 -117.635129 count=61
-4382.077317 -111.938010 count=62
-4378.332596 -115.205171 count=63
-4373.747278 -109.724696 count=64
-4368.991450 -113.062954 count=65
-4365.874520 -110.018105 count=66
-4350.928229 -113.688477 count=67
-4347.313507 -109.772554 count=68
-4340.042483 -111.626498 count=69
-4342.086380 -110.478184 count=70
-4341.381823 -107.132807 count=71
-4336.514490 -112.564940 count=72
-4309.638394 -106.557246 count=73
-4308.923103 -105.871752 count=74
-4265.650804 -105.560953 count=75
-4262.276420 -106.486347 count=76
-4249.293703 -109.670056 count=77
-4244.861886 -108.605086 count=78
-4239.660933 -109.408643 count=79
-4234.727503 -107.990752 count=80
-4232.268133 -110.567716 count=81
-4208.068637 -109.570419 count=82
-4204.559057 -110.816405 count=83
-4198.716596 -108.402560 count=84
-4193.116297 -108.978649 count=85
-4189.581418 -108.852889 count=86
-4180.800221 -112.884102 count=87
-4184.608990 -109.790577 count=88
-4188.127676 -108.193477 count=89
-4187.666817 -110.223736 count=90
-4176.985172 -114.261008 count=91
-4169.386414 -113.773146 count=92
-4170.780285 -110.165623 count=93
-4166.645493 -115.254567 count=94
-4156.428678 -111.636129 count=95
-4156.756024 -109.858218 count=96
-4154.466532 -109.348270 count=97
-4150.000811 -113.120616 count=98
-4142.530145 -111.458688 count=99
-4134.390576 -112.500065 count=100
-4127.553942 -113.168380 count=101
-4121.822085 -116.942453 count=102
-4121.119225 -115.211523 count=103
-4121.748489 -114.934378 count=104
-4108.871866 -115.455387 count=105
-4108.568995 -113.850413 count=106
-4099.343691 -114.704953 count=107
-4094.081230 -116.983162 count=108
-4093.515340 -117.522158 count=109
-4084.743998 -116.400306 count=110
-4087.445981 -113.762722 count=111
-4077.049785 -115.277928 count=112
-4078.290995 -113.644175 count=113
(((AY000602,((AY000647,AY000590),((AY000593,AY000637),(AY000605,AY000624)))),(((((((AY000622,AY000591),((AY000629,AY000598),(AY000596,AY000607))),(AY000627,AY000617)),(AY000599,AY000626)),(AY000641,AY000610)),(((((AY000643,AY000595),(AY000644,AY000589)),AY000614),(AY000601,AY000611)),(AY000620,((AY000613,AY000606),(AY000588,AY000639))))),((AY000630,AY000609),AY000632))),(((((AY000638,(AY000634,AY000608)),(AY000640,(((AY000604,AY000592),AY000642),(AY000648,(AY000645,AY000628))))),(AY000621,AY000631)),((AY000600,AY000587),AY000612)),((AY000633,AY000618),(((AY000646,AY000594),((AY000616,AY000623),(AY000636,AY000635))),(AY000615,AY000619)))))