-8438.285216 -188.059516 count=1
-8144.973944 -196.128568 count=2
-6444.830970 -200.367084 count=3
-5435.603408 -195.850705 count=4
-5031.535569 -204.440269 count=5
-4665.475606 -200.762264 count=6
-4530.913194 -203.387763 count=7
-4268.440540 -212.268012 count=8
-4180.164640 -207.170407 count=9
-4143.220578 -206.936268 count=10
-4113.628844 -204.227072 count=11
-4065.463715 -205.934216 count=12
-4053.656029 -197.918323 count=13
-3978.762812 -189.859752 count=14
-3958.174854 -185.794585 count=15
-3885.411092 -187.107835 count=16
-3859.219760 -188.793436 count=17
-3860.152470 -187.049143 count=18
-3787.274239 -184.680228 count=19
-3780.421512 -186.253353 count=20
-3732.049547 -181.677758 count=21
-3682.757540 -181.177994 count=22
-3633.385102 -185.514924 count=23
-3607.242468 -181.423455 count=24
-3587.394379 -189.003148 count=25
-3588.300144 -185.653352 count=26
-3587.699149 -177.854165 count=27
-3561.529772 -172.986645 count=28
-3519.114476 -169.417598 count=29
-3511.700655 -169.855939 count=30
-3504.189220 -173.166135 count=31
-3493.496878 -167.318348 count=32
-3451.084006 -173.510594 count=33
-3444.837972 -168.770095 count=34
-3427.131696 -168.934963 count=35
-3405.902145 -164.834949 count=36
-3411.535117 -162.158018 count=37
-3382.644484 -164.627260 count=38
-3381.116956 -163.422228 count=39
-3347.920347 -160.970105 count=40
-3329.314953 -160.002983 count=41
-3312.512631 -158.219637 count=42
-3300.364643 -156.416402 count=43
-3286.219811 -158.565924 count=44
-3286.159355 -156.782307 count=45
-3280.760529 -154.861398 count=46
-3278.403326 -153.424075 count=47
-3273.734991 -155.453207 count=48
-3271.688175 -153.747000 count=49
-3265.533859 -156.212061 count=50
-3269.762697 -153.925929 count=51
-3266.783850 -155.766802 count=52
-3262.723808 -156.407824 count=53
-3256.207603 -154.669342 count=54
-3256.255945 -154.821742 count=55
-3238.306968 -156.457008 count=56
-3222.050827 -156.601926 count=57
-3221.670040 -155.401385 count=58
-3209.109207 -155.490241 count=59
-3201.927405 -157.585131 count=60
-3197.240346 -155.142167 count=61
-3196.390680 -154.925017 count=62
-3184.475684 -156.359075 count=63
-3185.366749 -155.442826 count=64
-3182.998231 -156.336601 count=65
-3172.974306 -155.796614 count=66
-3169.409557 -155.668320 count=67
-3169.439641 -155.447517 count=68
-3169.228532 -154.440400 count=69
-3161.725903 -152.222263 count=70
-3156.063695 -154.752528 count=71
-3151.740031 -154.518360 count=72
-3148.648787 -156.308752 count=73
-3144.355191 -156.801170 count=74
-3142.813109 -156.721709 count=75
-3135.410344 -156.943707 count=76
-3138.908739 -154.816327 count=77
-3133.497895 -157.121495 count=78
-3133.748419 -156.182424 count=79
-3129.667907 -156.147258 count=80
-3126.941541 -158.936138 count=81
-3124.877217 -156.212285 count=82
-3127.972975 -154.398666 count=83
-3122.304783 -154.874614 count=84
-3121.050588 -154.599083 count=85
-3116.678498 -158.720787 count=86
-3120.112095 -154.409695 count=87
-3112.582354 -158.725112 count=88
-3111.319865 -154.173989 count=89
-3106.669893 -158.955208 count=90
-3108.388899 -154.365473 count=91
-3105.207040 -157.084900 count=92
-3106.215607 -154.590437 count=93
-3094.726823 -156.375946 count=94
-3094.904098 -154.805302 count=95
-3095.153884 -156.142315 count=96
-3093.692644 -155.200030 count=97
-3097.082926 -154.809972 count=98
-3093.153472 -154.447613 count=99
-3090.681685 -155.705369 count=100
-3089.562844 -155.473203 count=101
-3084.193181 -156.715124 count=102
-3086.850969 -155.386376 count=103
-3083.383191 -157.871709 count=104
-3079.557782 -157.561729 count=105
-3079.637998 -156.221697 count=106
-3079.456211 -155.758487 count=107
-3076.164765 -156.879013 count=108
-3072.810966 -158.786693 count=109
-3073.944703 -157.271413 count=110
-3072.093287 -156.723877 count=111
-3072.111103 -158.229717 count=112
-3071.722190 -157.335498 count=113
-3072.952414 -156.245971 count=114
-3071.884240 -158.062534 count=115
-3071.995332 -158.700035 count=116
-3074.705341 -157.193417 count=117
-3074.322616 -157.111840 count=118
(AY001201,(((AY001173,AY001190),(((AY001185,AY001174),(AY001182,AY001175)),AY001180)),(((AY001181,AY001194),(((AY001164,((AY001203,(AY001188,AY001171)),(((AY001192,AY001179),((((AY001200,AY001183),((AY001166,AY001186),(AY001161,AY001165))),(AY001172,AY001169)),(AY001159,AY001170))),(AY001160,AY001198)))),((AY001197,AY001195),(AY001189,AY001177))),((AY001158,AY001196),(AY001157,AY001178)))),((AY001193,AY001199),(((AY001184,AY001191),AY001187),((((AY001176,AY001163),AY001162),AY001168),AY001167))))))