-6245.313330 -213.057191 count=1
-5560.035687 -220.456885 count=2
-5298.883508 -228.219080 count=3
-4613.546830 -232.995947 count=4
-4494.568688 -241.453379 count=5
-4095.299889 -246.211896 count=6
-3668.631864 -241.300287 count=7
-3523.283472 -249.820099 count=8
-3410.628014 -258.017931 count=9
-3380.718472 -265.520496 count=10
-3381.049731 -262.699498 count=11
-3375.037091 -269.459262 count=12
-3345.189609 -265.812618 count=13
-3267.060998 -266.819386 count=14
-3215.298846 -255.127280 count=15
-3199.299537 -249.473429 count=16
-3178.664963 -248.470826 count=17
-3149.013882 -256.277204 count=18
-3157.834387 -246.515429 count=19
-3162.547493 -237.042599 count=20
-3148.197856 -245.133356 count=21
-3144.923150 -236.101721 count=22
-3148.345406 -229.743244 count=23
-3157.475967 -223.282216 count=24
-3136.248289 -229.413477 count=25
-3142.864894 -221.870649 count=26
-3110.668770 -224.890802 count=27
-3106.758150 -224.822433 count=28
-3099.851398 -222.937302 count=29
-3090.032399 -220.057110 count=30
-3079.699098 -212.335700 count=31
-3073.050986 -204.492418 count=32
-3066.362527 -199.721389 count=33
-3072.094911 -193.978804 count=34
-3078.085339 -188.616538 count=35
-3071.690755 -180.786720 count=36
-3050.362922 -174.356475 count=37
-3043.910564 -167.067562 count=38
-3033.378086 -163.035779 count=39
-3023.929348 -166.330780 count=40
-3026.640397 -162.809966 count=41
-3012.632968 -167.665909 count=42
-2995.474979 -172.494190 count=43
-2980.071531 -172.505444 count=44
-2972.101058 -169.093151 count=45
-2964.983013 -172.676439 count=46
-2952.665841 -176.289640 count=47
-2951.533392 -176.820909 count=48
-2943.463068 -180.793877 count=49
-2942.163287 -177.397665 count=50
-2940.952406 -176.809964 count=51
-2935.898126 -181.356908 count=52
-2931.158472 -175.265409 count=53
-2929.946153 -180.818480 count=54
-2935.425358 -176.666372 count=55
-2942.223250 -170.335434 count=56
-2935.101737 -175.098730 count=57
-2942.071907 -168.929143 count=58
-2938.836481 -164.119528 count=59
-2933.828214 -168.879927 count=60
-2931.179303 -165.178846 count=61
-2929.016625 -168.193391 count=62
-2930.910940 -165.115545 count=63
-2922.945874 -165.326482 count=64
-2922.999253 -163.208177 count=65
-2908.597393 -166.303884 count=66
-2911.706651 -163.357048 count=67
-2916.152624 -159.653394 count=68
-2917.676618 -157.896055 count=69
-2903.351864 -156.970495 count=70
-2890.932236 -157.077526 count=71
-2886.870339 -159.249186 count=72
-2884.605503 -159.827449 count=73
-2882.619422 -158.010879 count=74
-2878.768369 -158.975108 count=75
-2869.504025 -160.669190 count=76
-2861.982409 -158.870982 count=77
-2862.332249 -158.724295 count=78
-2856.970165 -158.280877 count=79
-2858.766880 -157.821754 count=80
-2839.859216 -161.640415 count=81
-2836.849683 -162.336274 count=82
-2836.128432 -163.148788 count=83
-2833.422305 -163.817097 count=84
-2836.681914 -159.746017 count=85
-2830.951918 -164.066870 count=86
-2827.399011 -160.911267 count=87
-2816.975283 -162.884677 count=88
-2816.415738 -163.586706 count=89
-2816.251586 -161.128696 count=90
-2807.887405 -163.524469 count=91
-2808.817479 -164.544503 count=92
-2804.664630 -165.158385 count=93
-2797.616675 -171.408423 count=94
-2802.177299 -166.498122 count=95
-2793.422988 -167.404785 count=96
(((AY001160,AY001159),((AY001172,AY001158),(AY001200,AY001196))),(((((AY001194,AY001161),(AY001166,(AY001180,AY001164))),(AY001189,(AY001157,AY001162))),((((((AY001187,AY001195),(AY001168,AY001167)),(AY001188,AY001198)),(AY001193,AY001197)),((AY001174,AY001191),(AY001163,AY001199))),(((AY001201,AY001186),(AY001185,AY001165)),((AY001190,AY001176),(((AY001175,AY001173),AY001178),(AY001183,(AY001179,AY001184))))))),(((AY001181,AY001169),((AY001171,AY001182),(AY001177,AY001192))),(AY001203,AY001170))))