-7739.025394 -188.183070 count=1
-6146.566765 -182.179037 count=2
-5341.530103 -174.868231 count=3
-4735.598747 -169.001290 count=4
-4489.960764 -172.194278 count=5
-4020.829649 -170.879727 count=6
-3840.945580 -169.688957 count=7
-3751.971200 -164.093347 count=8
-3746.562240 -165.265846 count=9
-3716.692815 -167.104918 count=10
-3702.250284 -173.070016 count=11
-3705.268151 -170.451722 count=12
-3688.747550 -169.821337 count=13
-3668.915357 -172.318781 count=14
-3630.514761 -175.322033 count=15
-3590.241078 -180.191926 count=16
-3563.160462 -190.220923 count=17
-3545.356874 -197.024084 count=18
-3551.466216 -192.124221 count=19
-3481.082787 -199.050251 count=20
-3452.999299 -207.894911 count=21
-3426.177467 -209.653990 count=22
-3395.475952 -210.434163 count=23
-3387.871594 -218.683461 count=24
-3354.646773 -219.340575 count=25
-3347.444318 -226.502619 count=26
-3335.736135 -235.411324 count=27
-3315.931523 -245.333513 count=28
-3280.755637 -250.630966 count=29
-3270.299182 -256.911257 count=30
-3273.341815 -252.892875 count=31
-3240.449140 -256.140612 count=32
-3228.573305 -247.061159 count=33
-3217.476389 -246.491534 count=34
-3219.165974 -239.594293 count=35
-3219.036128 -234.621636 count=36
-3229.535169 -224.266620 count=37
-3217.591783 -217.049131 count=38
-3224.895100 -209.516127 count=39
-3224.825671 -206.386303 count=40
-3219.035283 -195.463199 count=41
-3218.942682 -192.753258 count=42
-3209.866742 -187.340335 count=43
-3184.487451 -184.820554 count=44
-3156.910593 -185.205720 count=45
-3154.985098 -178.790581 count=46
-3160.705541 -173.286430 count=47
-3152.291601 -172.714987 count=48
-3159.106471 -170.693469 count=49
-3152.049380 -169.281582 count=50
-3156.921870 -166.266032 count=51
-3161.505908 -161.490519 count=52
-3155.539705 -157.811755 count=53
-3152.068772 -156.771410 count=54
-3141.568153 -155.958362 count=55
-3128.922932 -159.424096 count=56
-3124.653762 -157.600450 count=57
-3123.863131 -156.274022 count=58
-3118.759955 -156.101414 count=59
-3115.505798 -153.793639 count=60
-3104.045011 -155.539493 count=61
-3106.157922 -155.088830 count=62
-3093.239942 -158.004978 count=63
-3092.999484 -156.876121 count=64
-3084.932503 -154.848157 count=65
-3083.056551 -156.960668 count=66
-3074.954124 -157.018057 count=67
-3063.232344 -157.256018 count=68
-3054.138926 -159.456369 count=69
-3044.991800 -159.686702 count=70
-3031.979143 -160.992241 count=71
-3024.066338 -164.020424 count=72
-3021.699809 -161.568455 count=73
-3020.207861 -159.396905 count=74
-3019.002294 -159.228525 count=75
-3015.245920 -158.004104 count=76
-2995.296216 -161.496292 count=77
-2994.895038 -158.625761 count=78
-2991.504960 -159.071425 count=79
-2988.951595 -160.138621 count=80
-2990.875161 -158.176309 count=81
-2985.937776 -158.441870 count=82
-2975.551698 -156.020716 count=83
-2974.741291 -156.774621 count=84
-2968.667272 -157.389146 count=85
-2965.390268 -159.364300 count=86
-2950.412466 -157.691644 count=87
-2945.325345 -157.763961 count=88
-2936.601993 -158.730500 count=89
-2934.544978 -159.475209 count=90
-2933.423333 -157.904591 count=91
-2931.681053 -159.450647 count=92
-2922.835657 -161.327404 count=93
-2923.893352 -159.417469 count=94
-2923.362734 -160.766902 count=95
-2907.226363 -157.743704 count=96
-2890.943934 -160.937679 count=97
-2892.353655 -158.694185 count=98
-2896.516456 -157.147513 count=99
-2892.868595 -159.980087 count=100
-2891.632866 -158.658088 count=101
-2882.037495 -162.225588 count=102
-2883.408999 -161.505083 count=103
-2883.927632 -159.667298 count=104
-2883.128142 -159.857472 count=105
-2884.670196 -159.655507 count=106
-2883.482956 -160.085356 count=107
-2878.197907 -159.554459 count=108
-2875.402049 -161.409639 count=109
-2869.615251 -162.310860 count=110
-2867.518406 -162.296577 count=111
-2867.315344 -163.013183 count=112
-2864.696103 -164.530808 count=113
-2860.262657 -168.986549 count=114
-2862.243188 -167.861773 count=115
-2858.538151 -171.625274 count=116
-2852.440552 -177.490376 count=117
-2846.098940 -180.225500 count=118
-2848.906873 -171.211048 count=119
-2856.035818 -164.796910 count=120
-2847.830258 -171.202911 count=121
-2849.454938 -167.351858 count=122
-2846.991968 -163.759275 count=123
-2831.991620 -162.194594 count=124
-2832.943921 -161.248177 count=125
-2832.236840 -159.878276 count=126
-2832.129962 -159.705503 count=127
-2831.537717 -159.918070 count=128
-2822.687023 -161.420394 count=129
-2816.201527 -162.342149 count=130
-2809.706424 -164.817024 count=131
-2807.483993 -163.301022 count=132
-2807.781650 -160.458917 count=133
-2803.751976 -160.722051 count=134
-2800.365601 -164.830072 count=135
-2798.387408 -168.575715 count=136
-2783.843908 -166.739990 count=137
-2780.963075 -162.795692 count=138
-2776.944699 -165.956461 count=139
-2769.630400 -167.299155 count=140
-2770.827142 -166.944994 count=141
-2767.739092 -163.890613 count=142
-2767.104218 -163.693548 count=143
-2766.750626 -163.289602 count=144
-2764.826423 -163.157876 count=145
-2767.517476 -162.402534 count=146
(AY001176,(((((((AY001159,AY001198),((AY001184,AY001196),(((AY001162,AY001167),AY001187),((AY001197,AY001168),((AY001203,AY001191),(AY001193,AY001170)))))),(((AY001194,AY001175),(AY001157,AY001185)),((AY001163,((AY001201,AY001186),(AY001188,((AY001177,AY001195),(((AY001178,AY001174),(AY001179,AY001182)),AY001180))))),AY001165))),AY001158),AY001164),(AY001189,AY001181)),(((((AY001200,AY001199),(AY001172,AY001169)),((AY001160,AY001173),(AY001183,AY001161))),(AY001166,AY001192)),(AY001171,AY001190))))