-8001.008605 -206.960275 count=1
-6958.799686 -202.843314 count=2
-6860.975939 -196.092928 count=3
-6301.158559 -204.673452 count=4
-5444.800975 -198.901204 count=5
-5120.755906 -198.327732 count=6
-4901.958477 -196.942802 count=7
-4841.922833 -204.485059 count=8
-4793.610478 -211.709573 count=9
-4785.934974 -219.727819 count=10
-4659.153299 -225.905169 count=11
-4650.578177 -218.841988 count=12
-4612.863089 -209.763717 count=13
-4606.173985 -202.838175 count=14
-4589.717734 -205.081132 count=15
-4526.152273 -197.009819 count=16
-4502.665260 -191.217112 count=17
-4475.294750 -190.327741 count=18
-4448.842415 -185.059221 count=19
-4442.336293 -182.257764 count=20
-4425.470497 -183.142499 count=21
-4410.355354 -188.648448 count=22
-4357.548246 -185.428312 count=23
-4319.589948 -189.269223 count=24
-4310.475630 -196.339315 count=25
-4307.762153 -192.851573 count=26
-4278.088715 -193.584961 count=27
-4254.116635 -201.619832 count=28
-4225.401931 -199.393707 count=29
-4228.669848 -193.965391 count=30
-4222.540432 -187.360472 count=31
-4204.541476 -182.384818 count=32
-4184.257184 -185.486110 count=33
-4176.076355 -190.941638 count=34
-4166.947098 -188.759640 count=35
-4071.730996 -183.955486 count=36
-4000.323955 -185.576359 count=37
-3996.294805 -182.901067 count=38
-3971.904503 -182.788531 count=39
-3960.297617 -185.636732 count=40
-3957.995522 -185.529131 count=41
-3943.984839 -190.223033 count=42
-3940.783505 -191.210660 count=43
-3946.144059 -189.161721 count=44
-3952.654961 -183.213101 count=45
-3943.707262 -187.564677 count=46
-3938.975778 -182.734556 count=47
-3933.748068 -182.462781 count=48
-3931.656407 -185.774318 count=49
-3923.077618 -185.404651 count=50
-3921.054162 -178.793569 count=51
-3915.467872 -182.667647 count=52
-3910.386444 -179.392606 count=53
-3913.125492 -175.182846 count=54
-3912.071135 -175.901057 count=55
-3913.112485 -174.439351 count=56
-3914.630886 -172.259670 count=57
-3902.126205 -173.456878 count=58
-3900.326076 -171.331881 count=59
-3900.978210 -172.891517 count=60
-3898.542619 -171.017384 count=61
-3894.559703 -171.906505 count=62
-3887.081860 -172.403163 count=63
-3869.263878 -170.330511 count=64
-3853.909586 -170.748732 count=65
-3853.626429 -169.983422 count=66
-3840.597616 -169.793700 count=67
-3838.735377 -173.830715 count=68
-3822.703293 -171.593898 count=69
-3818.467784 -171.568196 count=70
-3817.888942 -170.320745 count=71
-3819.335881 -170.087995 count=72
-3816.859045 -171.094597 count=73
-3811.970389 -170.359887 count=74
-3805.538592 -169.819679 count=75
-3796.917674 -170.079427 count=76
-3798.489840 -169.880115 count=77
-3786.462479 -169.781791 count=78
-3782.643634 -169.967517 count=79
-3772.573460 -169.325165 count=80
-3764.406185 -173.152053 count=81
-3758.029819 -179.190143 count=82
-3763.583454 -170.289319 count=83
-3762.220569 -170.217015 count=84
-3725.946735 -168.216939 count=85
-3724.071483 -168.650272 count=86
-3719.381328 -169.739861 count=87
-3704.941802 -169.443686 count=88
-3693.749386 -169.021400 count=89
-3677.752669 -168.507815 count=90
-3675.262755 -171.153920 count=91
-3673.609108 -169.148670 count=92
-3673.972643 -168.611102 count=93
-3667.184030 -170.768423 count=94
-3668.876318 -171.858291 count=95
-3671.814835 -168.696889 count=96
-3672.840906 -168.564122 count=97
-3670.593712 -168.979810 count=98
-3655.946128 -169.622051 count=99
-3644.460548 -169.342849 count=100
-3637.979953 -169.630008 count=101
-3636.239706 -170.412389 count=102
-3629.541915 -169.173103 count=103
-3622.131236 -170.742588 count=104
((((AY000438,((AY000434,AY000447),((AY000437,(AY000450,((((AY000460,((AY000457,AY000455),(AY000442,AY000469))),(AY000468,AY000444)),AY000445),(AY000446,AY000430)))),(AY000462,AY000452)))),((AY000441,AY000458),((AY000433,AY000448),(AY000436,AY000440)))),(((AY000463,AY000467),((((AY000449,AY000461),AY000439),(((AY000423,AY000422),(AY000464,AY000424)),(AY000432,AY000443))),(AY000454,AY000459))),AY000456)),(((AY000425,AY000421),AY000466),((AY000426,(((AY000429,AY000465),(AY000453,AY000435)),AY000428)),(AY000431,AY000427))))