-10632.786485 -208.175229 count=1
-9120.352038 -202.385118 count=2
-9057.997986 -194.704202 count=3
-8545.321356 -200.414864 count=4
-7436.320948 -196.292911 count=5
-6344.473162 -201.158957 count=6
-5767.753863 -200.176227 count=7
-5380.925662 -194.018745 count=8
-5303.738949 -187.522402 count=9
-5130.738075 -185.275164 count=10
-5123.625344 -184.118057 count=11
-5040.166841 -190.873948 count=12
-4913.089918 -188.705446 count=13
-4888.082052 -189.561159 count=14
-4884.432470 -189.251930 count=15
-4843.937550 -184.952857 count=16
-4822.365207 -188.209398 count=17
-4810.013176 -190.463346 count=18
-4765.803977 -189.913458 count=19
-4753.055347 -190.092253 count=20
-4729.160037 -194.417903 count=21
-4734.900977 -189.679684 count=22
-4700.117395 -196.555740 count=23
-4681.714467 -201.169242 count=24
-4654.334487 -201.056594 count=25
-4613.799478 -203.308267 count=26
-4595.785038 -209.148770 count=27
-4596.533503 -206.757255 count=28
-4601.469018 -197.601562 count=29
-4563.063985 -195.847601 count=30
-4558.084714 -190.025055 count=31
-4555.307178 -187.694544 count=32
-4557.453197 -184.889628 count=33
-4549.944032 -183.931002 count=34
-4549.087877 -184.509860 count=35
-4541.253411 -189.371223 count=36
-4528.227606 -182.419383 count=37
-4493.591321 -180.478600 count=38
-4495.208854 -177.838516 count=39
-4462.931473 -177.741316 count=40
-4453.021521 -176.466858 count=41
-4451.700657 -176.557670 count=42
-4449.554067 -180.018978 count=43
-4444.743279 -179.555359 count=44
-4390.133309 -187.997773 count=45
-4381.842233 -186.794252 count=46
-4384.658171 -182.316611 count=47
-4359.418062 -180.940693 count=48
-4345.106189 -184.033716 count=49
-4335.296448 -187.652907 count=50
-4319.778499 -193.398331 count=51
-4316.441074 -190.465459 count=52
-4309.597150 -196.467053 count=53
-4304.015731 -203.108830 count=54
-4293.296522 -199.130019 count=55
-4288.223559 -201.068368 count=56
-4284.566659 -200.192961 count=57
-4275.659352 -202.046836 count=58
-4253.554679 -208.498012 count=59
-4249.874962 -207.328598 count=60
-4241.929707 -200.326071 count=61
-4232.354849 -192.275936 count=62
-4231.158382 -187.623700 count=63
-4228.668387 -190.228502 count=64
-4235.995843 -182.918741 count=65
-4234.696912 -181.934941 count=66
-4239.665014 -176.746121 count=67
-4207.860189 -177.138011 count=68
-4198.098103 -177.713758 count=69
-4198.274939 -177.083742 count=70
-4194.102658 -178.491811 count=71
-4184.186741 -176.102101 count=72
-4176.593376 -176.268245 count=73
-4174.757576 -175.533014 count=74
-4171.552223 -175.921373 count=75
-4156.312452 -177.745143 count=76
-4158.852226 -175.682186 count=77
-4158.728277 -175.516822 count=78
-4149.180932 -174.087668 count=79
-4141.789999 -174.671984 count=80
-4141.547279 -173.388943 count=81
-4141.222871 -172.178719 count=82
-4138.452363 -172.542241 count=83
-4120.723644 -173.267438 count=84
-4115.551020 -174.008740 count=85
-4108.476052 -174.038960 count=86
-4100.615439 -173.908452 count=87
-4090.064278 -175.718407 count=88
((((((AY000432,AY000456),(AY000463,AY000422)),((AY000461,AY000462),((((AY000423,AY000450),AY000455),(AY000439,AY000458)),(AY000447,AY000424)))),((AY000421,AY000437),(((AY000435,AY000445),((AY000428,AY000469),((AY000467,AY000464),(AY000459,((AY000430,AY000466),(AY000425,AY000453)))))),((AY000438,AY000427),(AY000429,AY000444))))),((AY000436,(AY000434,AY000465)),(((AY000433,AY000426),(AY000431,AY000452)),(AY000448,AY000441)))),((((AY000449,AY000460),((AY000440,AY000442),(AY000454,AY000446))),(AY000457,AY000443)),AY000468))