-12594.001447 -248.717446 count=1
-10390.119987 -261.798688 count=2
-9275.639765 -255.114457 count=3
-7420.514433 -254.551496 count=4
-6908.243016 -253.715461 count=5
-6489.260863 -261.382388 count=6
-6045.449045 -249.252253 count=7
-5704.028299 -241.694337 count=8
-5645.128787 -233.934553 count=9
-5583.278646 -232.901329 count=10
-5549.178488 -226.553487 count=11
-5500.523120 -229.781101 count=12
-5491.932754 -230.255794 count=13
-5375.436386 -220.420910 count=14
-5275.957188 -225.815216 count=15
-5258.357882 -227.735151 count=16
-5254.842803 -231.889173 count=17
-5237.775094 -234.866534 count=18
-5207.350129 -242.092876 count=19
-5199.311670 -245.300626 count=20
-5162.220777 -255.123381 count=21
-5151.222510 -251.965398 count=22
-5130.442275 -251.672784 count=23
-5090.223678 -255.260624 count=24
-5008.650702 -265.672205 count=25
-4986.550472 -269.390829 count=26
-4963.310234 -263.937322 count=27
-4893.700016 -260.059652 count=28
-4870.356096 -249.289164 count=29
-4860.322813 -242.255502 count=30
-4834.293656 -242.413161 count=31
-4833.677888 -232.255968 count=32
-4834.381183 -226.961367 count=33
-4771.737857 -226.404924 count=34
-4734.378773 -225.810452 count=35
-4703.931774 -227.739752 count=36
-4596.535758 -238.970024 count=37
-4596.901885 -236.007346 count=38
-4581.617642 -247.568633 count=39
-4568.699344 -241.736044 count=40
-4546.042358 -252.561097 count=41
-4545.204317 -245.365813 count=42
-4539.322702 -240.692916 count=43
-4544.842601 -233.744156 count=44
-4534.475736 -239.549319 count=45
-4514.956421 -240.994886 count=46
-4484.365233 -251.043131 count=47
-4437.287594 -254.271172 count=48
-4381.771067 -268.111572 count=49
-4355.026493 -261.851591 count=50
-4291.612475 -254.020289 count=51
-4238.672573 -252.369059 count=52
-4241.710030 -243.347483 count=53
-4179.151950 -252.467806 count=54
-4176.163192 -255.083650 count=55
-4160.810407 -252.666424 count=56
-4150.639088 -260.959160 count=57
-4121.821572 -250.498215 count=58
-4105.245671 -245.042921 count=59
-4090.381593 -243.728399 count=60
-4093.725808 -233.819502 count=61
-4091.657273 -229.953970 count=62
-4083.039728 -234.898237 count=63
-4078.755150 -233.071967 count=64
-4082.841432 -225.299056 count=65
-4071.375887 -224.358834 count=66
-4065.069223 -228.563032 count=67
-4060.493791 -221.681504 count=68
-4064.311696 -214.051815 count=69
-4054.143421 -221.703305 count=70
-4044.766601 -213.920738 count=71
-4043.815527 -208.162053 count=72
-4031.726740 -206.986652 count=73
-4030.258145 -204.002355 count=74
-4032.543430 -198.727102 count=75
-4030.077328 -196.925260 count=76
-4024.632121 -200.468200 count=77
-4015.504264 -206.742930 count=78
-4019.385925 -203.187902 count=79
-4006.551192 -204.930540 count=80
-4000.489083 -203.779662 count=81
-3987.821303 -198.449376 count=82
-3988.253270 -195.638083 count=83
-3969.764730 -198.414067 count=84
-3970.857677 -196.939264 count=85
-3968.540901 -196.768150 count=86
-3968.254286 -196.221719 count=87
-3968.870401 -196.489322 count=88
-3964.782375 -196.117666 count=89
-3960.983939 -196.502942 count=90
-3960.743861 -196.623892 count=91
-3944.771272 -197.858713 count=92
-3942.780287 -198.238063 count=93
-3938.586260 -197.072869 count=94
-3938.504123 -195.382803 count=95
-3931.316464 -195.839020 count=96
-3930.176291 -195.217314 count=97
-3923.943322 -198.315989 count=98
-3919.258189 -196.760960 count=99
-3902.836467 -196.232413 count=100
-3899.869765 -196.131899 count=101
-3895.599188 -193.202009 count=102
-3891.412152 -194.981884 count=103
-3890.616166 -195.061851 count=104
-3880.825790 -195.631364 count=105
-3873.575029 -197.026741 count=106
-3858.153947 -196.290441 count=107
-3854.073153 -195.039342 count=108
-3854.553965 -194.711998 count=109
-3848.960822 -194.523035 count=110
-3845.239813 -197.519764 count=111
-3845.634606 -196.386518 count=112
-3846.827077 -196.331719 count=113
-3844.540955 -197.960359 count=114
-3841.805874 -197.733207 count=115
-3841.450427 -199.660031 count=116
-3842.005363 -198.344494 count=117
-3844.139346 -196.695582 count=118
-3844.802351 -194.774189 count=119
-3830.394988 -198.058276 count=120
-3824.574584 -196.172803 count=121
-3825.904764 -194.335966 count=122
-3822.697559 -196.200965 count=123
-3823.423285 -194.281659 count=124
-3821.997671 -195.666100 count=125
-3822.902712 -194.779052 count=126
-3816.914813 -196.276404 count=127
-3807.999190 -195.300350 count=128
-3802.870118 -195.488323 count=129
-3803.964313 -195.752445 count=130
-3802.659078 -196.516385 count=131
-3795.682313 -198.559458 count=132
-3794.975378 -197.773616 count=133
-3799.475475 -195.674575 count=134
-3801.517907 -196.066227 count=135
-3798.588114 -196.977792 count=136
-3795.961060 -197.213840 count=137
-3789.551798 -199.440044 count=138
-3789.850632 -195.836605 count=139
-3791.441524 -195.496722 count=140
-3784.286005 -198.289934 count=141
-3782.314920 -199.919073 count=142
-3775.841794 -199.061040 count=143
-3771.375059 -198.096412 count=144
((AY000846,(AY000880,AY000829)),(((((((AY000836,AY000875),(AY000878,AY000833)),((((AY000882,AY000862),(((AY000842,AY000867),(AY000861,(AY000860,AY000838))),(AY000834,AY000874))),(((AY000857,AY000877),(((((AY000885,AY000863),(AY000840,AY000845)),(AY000883,AY000839)),((AY000848,AY000841),(AY000879,AY000830))),(AY000870,AY000828))),(AY000876,AY000837))),(AY000873,AY000884))),(AY000844,AY000881)),AY000869),(((((AY000835,AY000853),(AY000859,AY000850)),(((AY000864,AY000831),AY000866),(((((AY000854,AY000847),(AY000871,AY000865)),AY000849),(AY000868,AY000843)),(AY000858,AY000872)))),(AY000852,AY000856)),AY000832)),(AY000851,AY000855)))