-8540.648726 -248.128728 count=1
-8029.326427 -232.945731 count=2
-6965.880676 -233.766436 count=3
-6410.146033 -229.999277 count=4
-6359.771301 -239.242579 count=5
-6202.916177 -242.434147 count=6
-6108.718307 -233.587672 count=7
-5821.341614 -230.412717 count=8
-5740.616959 -226.061961 count=9
-5718.425195 -227.204320 count=10
-5662.195076 -233.505854 count=11
-5642.757892 -238.248761 count=12
-5627.201802 -229.837562 count=13
-5556.715629 -233.300599 count=14
-5498.941481 -222.173803 count=15
-5401.828276 -213.670564 count=16
-5387.821843 -211.536699 count=17
-5349.237289 -206.111750 count=18
-5266.351001 -203.895866 count=19
-5161.683161 -209.785027 count=20
-5138.876489 -206.596364 count=21
-5126.674011 -200.127952 count=22
-5120.165006 -198.003989 count=23
-5087.855907 -200.742796 count=24
-5023.689488 -195.044095 count=25
-4972.198651 -191.362368 count=26
-4916.933298 -187.719720 count=27
-4912.878919 -190.195536 count=28
-4799.035152 -191.303092 count=29
-4786.164765 -190.913145 count=30
-4774.490597 -191.061394 count=31
-4772.199267 -192.162113 count=32
-4771.196312 -189.895320 count=33
-4729.701057 -194.827586 count=34
-4727.750605 -189.760875 count=35
-4720.209323 -193.357235 count=36
-4715.870706 -190.702608 count=37
-4714.851927 -191.538882 count=38
-4691.521182 -192.121307 count=39
-4657.952036 -189.600358 count=40
-4654.088315 -188.706664 count=41
-4648.383535 -188.240506 count=42
-4625.654229 -192.501902 count=43
-4628.021759 -191.007478 count=44
-4624.132066 -193.625826 count=45
-4605.483869 -190.641252 count=46
-4571.357819 -195.833383 count=47
-4527.257495 -194.481678 count=48
-4507.566070 -193.856554 count=49
-4500.857207 -192.678298 count=50
-4451.787054 -193.538988 count=51
-4429.531741 -197.671749 count=52
-4415.082857 -198.184391 count=53
-4391.896230 -198.265901 count=54
-4368.641742 -196.546993 count=55
-4369.160969 -192.577672 count=56
-4362.437237 -190.075341 count=57
-4350.030031 -193.304437 count=58
-4325.266534 -191.758530 count=59
-4286.051394 -192.234615 count=60
-4286.267865 -190.182997 count=61
-4279.130352 -191.437992 count=62
-4269.523845 -188.381310 count=63
-4259.971292 -190.039724 count=64
-4251.152956 -188.894097 count=65
-4245.650255 -190.738025 count=66
-4241.099061 -194.106815 count=67
-4236.356911 -198.346994 count=68
-4227.302975 -192.998317 count=69
-4220.257598 -198.972766 count=70
-4229.067389 -192.646137 count=71
-4216.960445 -198.300375 count=72
-4209.802611 -199.619068 count=73
-4184.726485 -197.206458 count=74
-4188.219127 -193.078890 count=75
-4187.616840 -194.537893 count=76
-4173.874594 -192.392726 count=77
-4177.079299 -191.707467 count=78
-4170.893623 -193.331647 count=79
-4162.344989 -193.512977 count=80
-4161.863978 -190.400032 count=81
-4153.146969 -193.243232 count=82
-4145.262448 -193.745875 count=83
-4126.390924 -198.744118 count=84
-4126.412805 -195.240473 count=85
-4130.572381 -190.669922 count=86
-4130.734449 -190.273277 count=87
-4128.767848 -188.676851 count=88
-4121.194582 -187.237734 count=89
-4105.608197 -189.123008 count=90
-4097.419027 -190.528190 count=91
-4093.590968 -186.284920 count=92
-4079.528964 -191.180897 count=93
-4079.070424 -189.948874 count=94
-4072.524466 -190.084834 count=95
-4068.303081 -190.673156 count=96
-4057.124384 -190.407313 count=97
-4060.188797 -189.784317 count=98
-4061.305454 -187.555911 count=99
-4051.994555 -189.103919 count=100
-4052.985262 -189.079050 count=101
-4031.350274 -189.266711 count=102
-4031.529092 -187.055833 count=103
-4013.989957 -191.701693 count=104
-4009.738014 -191.074345 count=105
-4010.137889 -187.650296 count=106
-4005.592086 -190.525818 count=107
-4002.190649 -192.875393 count=108
-4001.032117 -191.933035 count=109
-4000.104072 -190.794768 count=110
-3994.635830 -190.316409 count=111
-3992.750573 -190.500996 count=112
-3988.195680 -190.653779 count=113
-3982.658437 -189.887628 count=114
-3983.499181 -189.353375 count=115
-3982.193242 -189.711996 count=116
-3984.015573 -189.483600 count=117
-3975.140919 -193.059596 count=118
-3979.000004 -190.517614 count=119
-3980.144240 -188.892276 count=120
-3976.375779 -189.339894 count=121
-3973.800166 -188.556358 count=122
-3971.005042 -190.534714 count=123
-3964.640297 -191.119560 count=124
-3959.456017 -193.422222 count=125
-3962.780189 -191.698949 count=126
-3958.215737 -193.109634 count=127
-3955.564163 -192.237711 count=128
-3955.510887 -191.661630 count=129
-3954.705492 -191.535538 count=130
-3952.085955 -191.591011 count=131
-3947.559608 -194.995746 count=132
-3949.450270 -198.207123 count=133
-3948.174712 -196.904750 count=134
-3946.766910 -198.868590 count=135
((AY000829,(((AY000852,AY000875),(AY000853,AY000856)),AY000844)),(((AY000864,((AY000858,((AY000842,AY000850),(AY000868,AY000871))),(((AY000865,AY000869),((AY000841,AY000849),((AY000866,AY000867),((AY000832,AY000857),(AY000854,(((AY000881,AY000877),(AY000874,AY000885)),((AY000876,AY000831),((AY000860,AY000859),((((AY000878,AY000872),(AY000884,AY000836)),(AY000861,AY000840)),((((AY000843,AY000845),((AY000870,AY000830),((((AY000833,AY000837),(AY000848,AY000863)),(AY000873,AY000838)),AY000835))),(AY000880,AY000839)),(AY000828,AY000883))))))))))),(AY000834,AY000855)))),(AY000847,AY000882)),((AY000851,AY000879),(AY000862,AY000846))))