-10975.474483 -255.313589 count=1
-9030.944673 -252.077294 count=2
-7993.768589 -240.630015 count=3
-6886.481287 -237.282156 count=4
-6881.065523 -241.646879 count=5
-6299.398782 -242.266579 count=6
-6102.061961 -240.805634 count=7
-6019.607994 -255.382551 count=8
-5830.584893 -251.844115 count=9
-5741.595408 -244.664753 count=10
-5651.984907 -234.176633 count=11
-5610.801961 -223.250430 count=12
-5568.144246 -229.715132 count=13
-5535.722400 -233.323864 count=14
-5382.708971 -241.754533 count=15
-5335.488013 -231.870817 count=16
-5229.423188 -238.055635 count=17
-5236.893881 -227.890397 count=18
-5171.790960 -238.301813 count=19
-5113.115343 -242.557937 count=20
-5083.046228 -248.352060 count=21
-5065.018069 -248.205905 count=22
-5056.594176 -258.566676 count=23
-5030.331574 -267.796107 count=24
-4982.030852 -283.007356 count=25
-4969.043453 -290.577748 count=26
-4980.728319 -276.460369 count=27
-4961.267714 -269.269359 count=28
-4938.988310 -262.954307 count=29
-4933.403557 -267.401773 count=30
-4870.485747 -275.649123 count=31
-4850.782132 -283.320527 count=32
-4852.340074 -271.469174 count=33
-4830.515937 -271.100454 count=34
-4810.236282 -280.445780 count=35
-4770.292344 -282.877304 count=36
-4775.092932 -276.302040 count=37
-4765.990245 -277.730096 count=38
-4741.627610 -276.252343 count=39
-4746.816040 -266.014081 count=40
-4709.426092 -260.225465 count=41
-4639.411365 -265.913264 count=42
-4635.302692 -262.972814 count=43
-4620.920891 -265.310627 count=44
-4620.051401 -262.683676 count=45
-4616.765428 -258.183930 count=46
-4593.610616 -262.304668 count=47
-4577.435461 -275.197147 count=48
-4583.376472 -267.497250 count=49
-4580.856669 -254.961379 count=50
-4557.338553 -261.453364 count=51
-4570.248087 -248.415348 count=52
-4537.663644 -238.549892 count=53
-4522.132346 -248.810058 count=54
-4490.278452 -262.901247 count=55
-4484.658721 -265.823345 count=56
-4464.316092 -255.805586 count=57
-4451.555999 -251.992788 count=58
-4406.344129 -259.602428 count=59
-4381.818063 -271.501435 count=60
-4355.713917 -285.220324 count=61
-4345.938440 -290.095237 count=62
-4326.827128 -286.413437 count=63
-4300.476056 -279.497911 count=64
-4275.798818 -271.326651 count=65
-4273.643441 -262.309140 count=66
-4265.038521 -257.779574 count=67
-4221.858795 -254.426876 count=68
-4209.544252 -254.818101 count=69
-4206.205041 -246.480730 count=70
-4172.400772 -243.476168 count=71
-4156.611692 -247.411781 count=72
-4158.940821 -239.930005 count=73
-4156.320103 -236.417248 count=74
-4151.526048 -223.431170 count=75
-4124.734998 -238.764598 count=76
-4134.445637 -228.316662 count=77
-4139.424715 -221.680826 count=78
-4125.684164 -212.929008 count=79
-4135.303497 -202.621377 count=80
-4125.676059 -206.794673 count=81
-4115.292422 -201.376694 count=82
-4092.919169 -204.931372 count=83
-4088.932932 -203.336116 count=84
-4086.105761 -196.822474 count=85
-4064.676732 -204.413246 count=86
-4060.972617 -207.026474 count=87
-4048.705562 -218.209396 count=88
-4058.197772 -209.602140 count=89
-4048.251027 -211.310139 count=90
-4035.616472 -210.063087 count=91
-4034.658774 -210.920413 count=92
-4031.548766 -206.961576 count=93
-4032.227404 -207.201251 count=94
-4024.096238 -200.055710 count=95
-4022.643039 -198.391953 count=96
-4025.030889 -194.354668 count=97
-4016.057856 -196.471777 count=98
-4015.377941 -195.299659 count=99
-4009.885315 -193.282128 count=100
-4012.231527 -191.564675 count=101
-4013.402707 -191.603371 count=102
-4003.294457 -192.761036 count=103
-3976.552425 -196.149443 count=104
-3978.338125 -192.762765 count=105
-3974.308898 -194.448454 count=106
-3973.814672 -191.860622 count=107
-3968.787339 -194.848607 count=108
-3961.944435 -194.194409 count=109
-3949.021408 -195.072971 count=110
-3951.409373 -191.773454 count=111
-3951.651955 -192.707274 count=112
-3934.641565 -196.326780 count=113
-3925.493853 -193.823147 count=114
-3927.133074 -192.491647 count=115
-3925.998072 -194.638838 count=116
-3914.011273 -190.866636 count=117
-3912.606523 -191.411281 count=118
-3908.550277 -195.216732 count=119
-3908.125662 -194.202615 count=120
-3886.057963 -193.935108 count=121
(((((AY000832,AY000873),(((AY000861,AY000846),(((AY000863,AY000855),AY000864),(AY000867,AY000868))),(AY000847,((AY000865,(AY000829,AY000849)),(((AY000853,AY000871),(AY000838,AY000852)),(AY000850,AY000858)))))),(AY000866,AY000880)),(AY000848,AY000851)),(((((AY000837,AY000830),(((AY000877,AY000882),(((AY000885,AY000842),(AY000883,AY000840)),(AY000833,AY000843))),(AY000841,(AY000875,AY000831)))),(AY000874,AY000856)),(((AY000835,AY000884),(AY000869,AY000870)),((((AY000845,AY000881),(((AY000876,AY000859),(AY000862,AY000839)),((AY000828,AY000857),(AY000860,AY000836)))),(AY000834,AY000844)),(AY000878,AY000872)))),(AY000879,AY000854)))