-1966.457197 -142.704470 count=1
-1703.233792 -142.659803 count=2
-1555.501927 -142.717424 count=3
-1389.065381 -144.620270 count=4
-1304.587546 -145.099262 count=5
-1204.446270 -140.184774 count=6
-1160.414831 -143.282346 count=7
-1144.216036 -150.394575 count=8
-1135.136689 -147.095579 count=9
-1118.613448 -143.964062 count=10
-1114.277063 -146.430490 count=11
-1114.698596 -144.344013 count=12
-1114.202191 -138.507006 count=13
-1105.948453 -137.220925 count=14
-1103.450839 -134.681345 count=15
-1108.670673 -129.476522 count=16
-1103.888224 -132.429385 count=17
-1099.689673 -126.218840 count=18
-1100.027785 -125.986959 count=19
-1098.005676 -119.001129 count=20
-1093.372540 -118.674897 count=21
-1091.925453 -115.717211 count=22
-1099.506063 -108.187996 count=23
-1094.695532 -109.143151 count=24
-1087.764637 -111.010907 count=25
-1085.841954 -113.058513 count=26
-1082.853592 -112.777950 count=27
-1081.168955 -110.190324 count=28
-1083.105900 -107.377269 count=29
-1077.479472 -112.458819 count=30
-1074.980324 -112.504768 count=31
-1075.096523 -114.538423 count=32
-1081.017541 -108.152410 count=33
-1082.535097 -106.639170 count=34
-1074.008362 -104.250036 count=35
-1079.802030 -97.610613 count=36
-1080.457953 -93.860037 count=37
-1077.480009 -97.345324 count=38
-1074.353686 -92.720498 count=39
-1079.950878 -88.515735 count=40
-1075.390653 -88.061579 count=41
-1074.582441 -88.954865 count=42
-1072.559478 -90.784234 count=43
-1068.290483 -91.633548 count=44
-1063.264474 -94.394547 count=45
-1069.168514 -91.000903 count=46
-1064.951907 -91.143412 count=47
-1065.230539 -89.961474 count=48
-1063.493646 -91.102971 count=49
-1066.479203 -89.422642 count=50
-1065.480312 -88.631614 count=51
-1057.437161 -88.262286 count=52
-1054.112565 -91.043192 count=53
-1049.279253 -91.959775 count=54
-1048.297801 -88.598443 count=55
-1046.162940 -86.340828 count=56
-1048.611890 -85.604774 count=57
-1047.712444 -86.350196 count=58
-1046.367211 -87.063173 count=59
-1047.118337 -85.982122 count=60
-1045.723774 -84.976948 count=61
-1046.133860 -85.256856 count=62
-1046.507735 -84.696150 count=63
-1046.332645 -85.947646 count=64
-1045.103248 -84.235410 count=65
-1045.825703 -84.770808 count=66
-1048.189137 -85.555353 count=67
-1043.307188 -86.242872 count=68
-1041.835107 -86.728140 count=69
-1032.846786 -86.843291 count=70
-1035.371192 -86.344114 count=71
-1037.329870 -84.652514 count=72
-1037.752740 -85.270285 count=73
-1038.670190 -86.510532 count=74
-1036.321165 -87.520559 count=75
-1034.011892 -87.922569 count=76
-1034.329286 -87.997129 count=77
-1035.846538 -86.888899 count=78
-1036.890509 -86.105133 count=79
-1035.115576 -87.778459 count=80
-1034.706416 -90.753610 count=81
-1036.067853 -89.115203 count=82
-1038.102800 -84.572209 count=83
-1037.068856 -87.318671 count=84
-1032.701224 -86.186202 count=85
-1032.061959 -83.898566 count=86
-1027.749479 -86.614206 count=87
-1025.796642 -86.581565 count=88
-1025.784759 -87.022941 count=89
-1025.017066 -88.102790 count=90
-1026.375187 -87.697391 count=91
-1024.902327 -87.440271 count=92
-1021.462195 -89.016538 count=93
-1023.152183 -87.991608 count=94
-1020.783622 -90.363857 count=95
-1022.042963 -91.165083 count=96
-1022.039708 -90.935044 count=97
-1023.616470 -89.311223 count=98
-1020.630011 -91.965743 count=99
-1020.437616 -91.532346 count=100
-1024.409873 -90.455404 count=101
-1024.708643 -92.135398 count=102
-1026.124412 -93.091218 count=103
-1030.648737 -91.593646 count=104
-1032.885266 -90.005627 count=105
-1034.110792 -88.819371 count=106
-1030.694885 -89.315225 count=107
-1027.049197 -91.363200 count=108
-1027.914527 -91.993014 count=109
-1028.874438 -90.530994 count=110
-1031.038294 -89.932808 count=111
-1031.017866 -89.464362 count=112
-1028.519242 -90.800691 count=113
-1024.572932 -94.141714 count=114
-1024.686158 -92.343443 count=115
-1018.753394 -95.469529 count=116
-1022.937067 -92.140875 count=117
-1022.247726 -93.559976 count=118
-1026.230874 -89.736212 count=119
-1029.573058 -88.167033 count=120
-1029.974988 -87.104925 count=121
-1030.078652 -88.494931 count=122
-1028.127329 -86.367676 count=123
-1027.003072 -86.979337 count=124
-1031.179238 -86.462181 count=125
-1028.526712 -87.547653 count=126
-1032.146058 -84.711056 count=127
-1033.864642 -85.309037 count=128
-1033.127232 -86.286036 count=129
-1033.481513 -86.135009 count=130
-1032.280442 -86.095324 count=131
-1029.131901 -89.050995 count=132
-1029.461861 -88.444243 count=133
-1023.263506 -87.481207 count=134
-1020.974897 -89.113025 count=135
-1025.921026 -87.331837 count=136
-1024.262079 -87.067430 count=137
-1024.092941 -87.991875 count=138
-1024.740079 -87.026439 count=139
-1023.782011 -87.331194 count=140
-1019.918918 -87.843094 count=141
-1019.731547 -88.678838 count=142
-1020.723163 -89.872464 count=143
-1018.091442 -89.552064 count=144
-1027.934558 -89.199597 count=145
-1028.941307 -88.544868 count=146
-1025.263893 -89.879096 count=147
-1026.394949 -89.403693 count=148
-1028.884243 -88.409155 count=149
-1028.219281 -87.163327 count=150
-1026.728864 -86.434398 count=151
-1029.382664 -85.885999 count=152
-1026.558880 -88.598233 count=153
-1029.830789 -85.257467 count=154
-1031.961857 -85.721090 count=155
-1029.753693 -86.157362 count=156
-1032.266070 -86.021012 count=157
-1026.949286 -86.928637 count=158
-1027.150588 -86.579520 count=159
-1029.757064 -82.909523 count=160
-1026.812393 -82.798799 count=161
-1026.713962 -85.141730 count=162
-1019.276284 -86.578367 count=163
-1023.729182 -85.109088 count=164
-1018.795479 -86.078790 count=165
-1017.212356 -85.612485 count=166
-1018.415944 -85.348093 count=167
-1023.536804 -84.914521 count=168
-1023.086690 -86.159599 count=169
-1021.655107 -88.302046 count=170
-1023.124055 -87.799074 count=171
-1020.982914 -87.834853 count=172
-1022.770104 -87.249266 count=173
-1022.664539 -87.299332 count=174
-1022.270716 -87.941531 count=175
-1021.899018 -89.233972 count=176
-1025.088147 -86.010565 count=177
-1022.223178 -88.802807 count=178
-1020.985742 -89.319567 count=179
-1021.126197 -89.853880 count=180
-1020.372029 -90.045889 count=181
-1017.208980 -90.037251 count=182
-1016.643213 -90.879992 count=183
-1013.676275 -91.110914 count=184
-1014.351792 -89.922599 count=185
-1014.028892 -89.133016 count=186
-1015.622247 -88.839663 count=187
-1015.007717 -90.179873 count=188
-1016.276632 -88.838980 count=189
-1013.889011 -89.577389 count=190
-1017.503151 -88.809012 count=191
-1015.376553 -91.408744 count=192
-1015.244716 -90.276430 count=193
-1017.216874 -89.837792 count=194
-1018.462960 -89.204280 count=195
-1020.115493 -88.798813 count=196
-1017.053039 -89.216351 count=197
-1017.536296 -90.469674 count=198
-1022.277182 -88.364716 count=199
-1019.069598 -90.187986 count=200
-1020.689851 -89.958356 count=201
-1019.617205 -90.796805 count=202
-1016.714598 -90.977606 count=203
-1020.619658 -90.560002 count=204
-1022.211412 -88.292604 count=205
-1019.065361 -89.983855 count=206
-1021.561273 -88.572953 count=207
-1020.647149 -90.197519 count=208
-1020.633368 -89.528112 count=209
-1021.654990 -89.813559 count=210
-1017.357529 -90.189245 count=211
-1018.536257 -89.200829 count=212
-1015.896251 -90.033674 count=213
-1017.727450 -91.050316 count=214
-1020.980562 -90.467329 count=215
-1026.420270 -90.274873 count=216
-1023.589863 -90.559101 count=217
-1025.709663 -88.436280 count=218
-1026.047003 -90.517728 count=219
-1029.830176 -87.973313 count=220
-1024.250954 -89.353672 count=221
-1023.076267 -90.327508 count=222
-1030.107788 -86.912535 count=223
-1026.024760 -89.802201 count=224
-1024.906331 -90.602827 count=225
-1028.755824 -85.278705 count=226
-1027.625038 -84.903583 count=227
-1025.903733 -86.529776 count=228
-1019.768718 -86.825939 count=229
-1019.406418 -87.500395 count=230
-1020.344897 -85.479567 count=231
-1019.252163 -85.826790 count=232
-1018.644032 -85.689835 count=233
-1018.893225 -85.308648 count=234
-1020.507653 -85.141254 count=235
-1023.956459 -83.225369 count=236
-1023.045941 -87.129531 count=237
-1022.124296 -85.704348 count=238
-1025.880337 -85.898059 count=239
-1030.108403 -84.044190 count=240
-1030.468544 -85.133837 count=241
-1030.705818 -84.025162 count=242
-1027.397840 -82.143897 count=243
-1025.375644 -84.222176 count=244
-1027.495294 -83.884608 count=245
-1026.765537 -85.204800 count=246
-1028.497886 -86.173196 count=247
-1030.827304 -85.795371 count=248
-1026.005468 -86.192423 count=249
-1024.643542 -87.546033 count=250
-1024.563359 -88.761895 count=251
-1022.472632 -88.018750 count=252
-1019.154175 -85.792614 count=253
-1019.922499 -85.616907 count=254
-1018.502654 -86.290376 count=255
-1019.636010 -88.333284 count=256
-1019.197787 -86.710721 count=257
-1016.462356 -86.802133 count=258
-1019.058350 -85.924618 count=259
-1019.630124 -84.604431 count=260
-1020.205679 -85.863600 count=261
-1018.079804 -86.887088 count=262
-1017.717153 -87.563220 count=263
-1017.657173 -87.980639 count=264
-1021.742759 -86.734971 count=265
-1022.556698 -86.099139 count=266
-1017.958027 -87.311923 count=267
-1016.859578 -86.892024 count=268
-1020.794708 -84.940961 count=269
-1022.298732 -85.616788 count=270
-1018.655050 -87.751825 count=271
-1015.841057 -85.626694 count=272
-1015.827629 -88.318089 count=273
-1018.412641 -85.979189 count=274
-1018.318205 -85.960096 count=275
-1021.221845 -84.955099 count=276
-1020.160547 -86.200477 count=277
-1017.316203 -87.931870 count=278
-1019.745787 -85.921509 count=279
-1020.343675 -85.261725 count=280
-1021.327583 -85.239931 count=281
-1018.204148 -84.240868 count=282
-1020.065876 -85.370445 count=283
-1019.245446 -85.676610 count=284
-1021.597999 -84.386701 count=285
-1024.500757 -85.572417 count=286
-1024.688576 -85.508013 count=287
-1026.536639 -85.113284 count=288
-1024.616311 -86.831098 count=289
-1023.058138 -84.659517 count=290
-1020.863430 -86.607657 count=291
-1020.645732 -86.829815 count=292
-1020.046317 -87.360749 count=293
-1019.551536 -88.158245 count=294
-1016.978724 -87.347647 count=295
-1017.741696 -86.312582 count=296
-1018.221794 -85.997581 count=297
-1017.490830 -86.262417 count=298
-1016.786272 -89.436891 count=299
-1020.746438 -86.812105 count=300
-1016.507323 -88.132228 count=301
-1015.838533 -88.393871 count=302
-1016.712932 -87.892588 count=303
-1015.275026 -88.212504 count=304
-1014.947453 -88.610408 count=305
-1019.235565 -87.946894 count=306
-1020.370186 -86.870408 count=307
-1022.907885 -87.473128 count=308
-1023.442307 -86.719110 count=309
-1020.228119 -88.270193 count=310
-1022.794829 -85.905360 count=311
-1023.693774 -85.130201 count=312
-1019.940517 -86.492532 count=313
-1022.231598 -85.828443 count=314
-1017.573635 -87.079992 count=315
-1014.720759 -87.769892 count=316
-1011.752955 -88.640664 count=317
-1014.464986 -88.684289 count=318
-1015.888767 -89.035043 count=319
-1016.781377 -87.713563 count=320
-1016.549383 -88.063211 count=321
-1019.520655 -85.984589 count=322
-1017.275253 -87.590758 count=323
-1017.596667 -86.832263 count=324
-1013.450225 -87.827106 count=325
(((AY001390,AY001395),(AY001392,AY001401)),(((((AY001406,AY001394),((AY001389,AY001399),(AY001386,AY001388))),((((AY001383,AY001391),AY001393),(AY001405,AY001400)),(((AY001381,AY001398),(((AY001387,AY001403),(AY001402,AY001385)),(AY001384,AY001397))),AY001382))),(AY001404,AY001408)),(AY001396,AY001407)))