-1888.656840 -137.983046 count=1
-1571.877644 -139.495577 count=2
-1542.252282 -144.136564 count=3
-1387.294753 -149.637226 count=4
-1359.350717 -148.168558 count=5
-1320.476356 -154.701921 count=6
-1239.344588 -153.036192 count=7
-1209.563065 -147.312044 count=8
-1209.380164 -146.737836 count=9
-1202.528959 -150.667865 count=10
-1188.143415 -145.416969 count=11
-1183.130984 -142.713694 count=12
-1178.999534 -137.203005 count=13
-1174.629100 -134.059389 count=14
-1176.634692 -130.988449 count=15
-1172.823647 -126.749244 count=16
-1171.969459 -121.210882 count=17
-1171.034110 -116.034527 count=18
-1166.114567 -116.735854 count=19
-1161.263429 -114.051389 count=20
-1149.892868 -116.717115 count=21
-1146.495388 -114.629259 count=22
-1138.596432 -114.883991 count=23
-1120.429114 -113.668865 count=24
-1127.405500 -108.028464 count=25
-1127.498296 -108.764506 count=26
-1117.777764 -114.387144 count=27
-1115.607703 -116.276688 count=28
-1114.984955 -115.197109 count=29
-1112.430493 -112.694958 count=30
-1115.216283 -108.501729 count=31
-1119.034309 -105.764301 count=32
-1119.820302 -106.197471 count=33
-1123.079657 -102.097881 count=34
-1122.850379 -99.865869 count=35
-1123.084043 -100.014651 count=36
-1124.735334 -96.048997 count=37
-1119.831748 -92.605065 count=38
-1117.961113 -92.722126 count=39
-1118.955121 -92.792785 count=40
-1115.128947 -91.276633 count=41
-1116.634244 -89.492704 count=42
-1115.847334 -91.425085 count=43
-1117.299426 -90.384018 count=44
-1112.137632 -92.101809 count=45
-1107.365522 -90.431749 count=46
-1097.636460 -88.612522 count=47
-1097.295175 -88.758990 count=48
-1095.115803 -87.963881 count=49
-1094.365198 -88.361547 count=50
-1092.132758 -89.571294 count=51
-1091.412283 -89.259769 count=52
-1091.087076 -89.695816 count=53
-1091.041308 -89.327095 count=54
-1091.461352 -87.844168 count=55
-1089.312890 -90.280045 count=56
-1091.843546 -88.288548 count=57
-1089.551144 -86.985456 count=58
-1086.153881 -89.322323 count=59
-1084.412765 -89.054279 count=60
-1080.813541 -90.108238 count=61
-1080.635882 -89.881145 count=62
-1077.374114 -91.311320 count=63
-1076.195688 -90.630004 count=64
-1077.397459 -89.859355 count=65
-1078.220935 -89.393740 count=66
-1076.402110 -91.418995 count=67
-1081.679407 -89.531780 count=68
-1078.491576 -89.507662 count=69
-1076.386316 -91.323744 count=70
-1079.663761 -89.401524 count=71
-1077.807099 -89.374887 count=72
-1085.595079 -90.125705 count=73
-1084.734597 -88.727938 count=74
-1079.235790 -91.564523 count=75
-1082.960306 -87.194364 count=76
-1086.221228 -88.590733 count=77
-1084.454580 -88.940986 count=78
-1086.280255 -88.567910 count=79
-1086.163320 -89.054490 count=80
-1086.649125 -87.977177 count=81
-1086.335077 -87.599271 count=82
-1081.641823 -90.474124 count=83
-1082.357812 -89.842562 count=84
-1084.173555 -89.312959 count=85
-1085.107273 -89.636904 count=86
-1080.918074 -91.459305 count=87
-1082.453716 -90.715340 count=88
-1081.007088 -93.011066 count=89
-1082.397696 -92.501824 count=90
-1079.089577 -91.922961 count=91
-1079.748633 -90.852815 count=92
-1079.352110 -90.274600 count=93
-1076.496855 -90.543181 count=94
-1078.005640 -89.267174 count=95
-1076.622290 -90.795540 count=96
-1078.943489 -90.983138 count=97
-1078.475281 -90.174244 count=98
-1076.950393 -89.834622 count=99
-1075.962858 -90.782856 count=100
-1075.271491 -91.267130 count=101
-1069.621340 -90.828029 count=102
-1072.532596 -88.938661 count=103
-1075.990220 -89.708306 count=104
-1072.566777 -90.726014 count=105
-1072.178107 -90.320378 count=106
-1071.137119 -90.897310 count=107
-1073.354609 -90.811279 count=108
-1072.193743 -92.025266 count=109
-1073.310375 -90.461088 count=110
-1073.997027 -93.062279 count=111
-1073.719775 -90.839668 count=112
-1074.235971 -89.881493 count=113
-1074.551859 -89.501481 count=114
-1074.269924 -89.660852 count=115
-1078.341537 -89.742089 count=116
-1077.435798 -90.369864 count=117
-1076.299116 -90.648052 count=118
-1075.089401 -91.166756 count=119
-1076.812208 -91.546131 count=120
-1078.872876 -91.891741 count=121
-1073.975420 -90.783206 count=122
-1074.821500 -92.384691 count=123
-1076.097180 -91.288351 count=124
-1081.518193 -90.265095 count=125
-1081.685946 -90.132539 count=126
-1080.922846 -90.936545 count=127
-1079.068052 -92.078190 count=128
-1076.764834 -90.248135 count=129
-1078.284669 -89.085820 count=130
-1072.165245 -91.303535 count=131
-1075.889958 -91.838596 count=132
-1077.869630 -91.430856 count=133
-1078.621682 -91.284063 count=134
-1075.426478 -92.721531 count=135
-1074.152786 -93.305143 count=136
-1074.914451 -92.538407 count=137
-1075.050817 -92.390598 count=138
-1074.565096 -92.339128 count=139
-1077.101866 -91.351378 count=140
-1072.575190 -93.564420 count=141
-1074.907200 -94.429545 count=142
-1075.337420 -94.601224 count=143
-1078.768693 -93.180155 count=144
-1079.449653 -93.478881 count=145
-1075.685256 -94.386046 count=146
-1076.016104 -91.795294 count=147
-1071.728658 -94.010844 count=148
-1071.650941 -94.138827 count=149
-1072.212638 -94.335965 count=150
-1077.162760 -94.149669 count=151
-1074.653599 -96.320314 count=152
-1076.768798 -93.875721 count=153
-1072.885580 -95.524969 count=154
-1074.409488 -94.598262 count=155
-1075.670021 -93.344861 count=156
-1077.179953 -92.662057 count=157
-1081.817737 -90.490948 count=158
-1085.336060 -92.706180 count=159
-1083.012897 -91.305320 count=160
-1077.529338 -92.838674 count=161
-1080.802571 -92.560757 count=162
-1083.093655 -91.670664 count=163
-1084.211105 -91.703022 count=164
-1088.803483 -90.689155 count=165
-1083.869223 -90.283176 count=166
-1085.444688 -90.086295 count=167
-1083.851137 -90.380294 count=168
-1087.075881 -88.772650 count=169
-1087.341222 -89.058638 count=170
-1088.042871 -88.710289 count=171
-1088.019930 -90.044015 count=172
-1084.968426 -89.790751 count=173
-1083.129236 -90.151428 count=174
-1082.539379 -89.949089 count=175
-1081.694567 -91.240046 count=176
-1078.131446 -93.490975 count=177
-1079.438508 -91.250739 count=178
(((((((AY001404,AY001399),(AY001406,AY001390)),((AY001402,AY001408),((((AY001392,AY001384),(AY001394,AY001405)),(AY001401,AY001400)),(AY001397,AY001386)))),((AY001388,AY001393),(AY001395,AY001389))),(AY001407,AY001383)),(((AY001387,AY001391),((AY001403,AY001396),(AY001385,AY001398))),AY001382)),AY001381)