-6481.811071 -207.858816 count=1
-6475.497805 -216.743010 count=2
-6110.957172 -205.846310 count=3
-6117.801290 -193.177959 count=4
-5449.676531 -185.616163 count=5
-5351.165425 -177.360196 count=6
-5270.425145 -190.619048 count=7
-5164.556927 -195.011127 count=8
-5113.407885 -196.771476 count=9
-5117.438444 -186.086339 count=10
-5085.198128 -194.073983 count=11
-5077.022212 -191.457222 count=12
-4988.370147 -201.136077 count=13
-4937.811687 -196.385399 count=14
-4932.589722 -197.244815 count=15
-4946.207988 -182.519740 count=16
-4954.578025 -173.396618 count=17
-4929.054978 -172.990941 count=18
-4904.506969 -166.366906 count=19
-4902.952059 -158.687679 count=20
-4903.190242 -151.494935 count=21
-4899.295879 -147.117764 count=22
-4879.892034 -136.944109 count=23
-4851.561125 -131.377529 count=24
-4844.860038 -129.741935 count=25
-4839.903856 -132.833607 count=26
-4798.595464 -124.961831 count=27
-4791.851193 -118.132981 count=28
-4773.698465 -114.257565 count=29
-4757.447263 -107.964663 count=30
-4748.977937 -111.448014 count=31
-4752.399354 -108.275298 count=32
-4723.441120 -102.954565 count=33
-4718.345109 -105.959493 count=34
-4721.028931 -101.646873 count=35
-4713.668006 -103.146113 count=36
-4684.891237 -108.260257 count=37
-4677.255616 -112.624093 count=38
-4656.190543 -118.728823 count=39
-4659.067748 -117.445073 count=40
-4643.105832 -109.142721 count=41
-4637.364138 -105.230653 count=42
-4614.334342 -103.017330 count=43
-4604.067762 -105.005818 count=44
-4600.536878 -106.040873 count=45
-4564.713614 -102.556357 count=46
-4554.966094 -101.105329 count=47
-4552.184784 -100.134669 count=48
-4552.484232 -100.089286 count=49
-4553.434672 -100.298886 count=50
-4547.270459 -99.818346 count=51
-4531.396891 -99.079865 count=52
-4532.317392 -98.048178 count=53
-4525.027926 -101.793664 count=54
-4520.488282 -97.659071 count=55
-4521.300911 -97.432022 count=56
-4510.461038 -99.700600 count=57
-4511.602021 -99.239010 count=58
-4508.033867 -98.847490 count=59
-4502.091610 -101.732119 count=60
-4498.475244 -102.452091 count=61
-4496.279718 -101.139033 count=62
-4495.692544 -101.337904 count=63
-4488.420180 -99.829156 count=64
-4438.422653 -100.223124 count=65
-4433.891435 -100.560222 count=66
-4430.622674 -100.722288 count=67
-4423.323923 -103.082005 count=68
-4423.358297 -99.686138 count=69
-4419.223664 -102.162722 count=70
-4414.429925 -104.937104 count=71
-4409.931347 -103.946957 count=72
-4415.772861 -97.650286 count=73
-4414.335173 -100.623346 count=74
-4413.137110 -99.081703 count=75
-4407.759122 -99.053593 count=76
-4404.737861 -97.574449 count=77
-4400.693093 -98.268783 count=78
-4394.806058 -99.130590 count=79
-4386.510465 -98.756182 count=80
-4387.813621 -96.931637 count=81
-4385.073913 -99.959417 count=82
-4380.599840 -105.037550 count=83
-4386.516927 -100.143690 count=84
-4384.384955 -102.482555 count=85
-4385.281092 -102.109250 count=86
-4382.085133 -101.406952 count=87
-4381.711221 -99.813028 count=88
-4370.341443 -99.388030 count=89
-4368.497446 -98.135899 count=90
-4362.371846 -99.703221 count=91
-4365.336068 -96.199016 count=92
-4363.343211 -98.739465 count=93
-4362.754067 -99.637958 count=94
-4359.975095 -98.692807 count=95
-4355.501315 -101.611330 count=96
-4355.923475 -101.558263 count=97
-4349.409340 -103.004483 count=98
-4349.772993 -100.636466 count=99
-4346.075466 -99.601381 count=100
-4328.420839 -103.708539 count=101
-4328.698229 -108.042536 count=102
-4330.456645 -104.217223 count=103
-4332.328113 -103.120195 count=104
-4330.597120 -103.244077 count=105
-4328.457642 -100.873825 count=106
-4320.288571 -102.951508 count=107
-4321.388711 -101.589293 count=108
-4320.797641 -102.273835 count=109
-4320.988375 -103.587604 count=110
-4326.922336 -100.405380 count=111
-4322.398986 -101.560730 count=112
((((((AY000613,AY000622),(AY000596,AY000639)),((AY000617,AY000599),(AY000646,AY000635))),((((AY000633,AY000647),(((AY000592,AY000642),AY000645),AY000591)),(AY000604,AY000602)),(AY000605,AY000606))),((((AY000648,AY000641),(AY000637,AY000629)),(AY000595,AY000601)),((AY000593,AY000614),(((AY000600,AY000643),(AY000644,AY000619)),((AY000620,AY000611),(AY000607,AY000609)))))),(((AY000588,((AY000598,AY000640),AY000608)),(((AY000628,AY000618),(AY000616,AY000589)),((((AY000636,AY000624),(AY000632,AY000627)),((AY000634,AY000623),(AY000626,AY000612))),(AY000587,(AY000615,AY000631))))),(((AY000621,AY000630),(AY000594,AY000590)),(AY000638,AY000610))))