-1782.420170 -145.153093 count=1
-1640.560910 -139.045033 count=2
-1605.135236 -142.020364 count=3
-1510.427134 -139.282559 count=4
-1452.943483 -142.055639 count=5
-1378.151604 -137.003710 count=6
-1353.214731 -140.360219 count=7
-1269.696491 -139.699626 count=8
-1213.068254 -138.944541 count=9
-1192.434406 -134.243184 count=10
-1185.342120 -136.704825 count=11
-1174.110237 -137.604826 count=12
-1173.787973 -137.174503 count=13
-1177.093689 -133.698613 count=14
-1175.143785 -132.017677 count=15
-1174.086694 -134.856626 count=16
-1158.216220 -134.201870 count=17
-1160.159110 -134.702598 count=18
-1158.614234 -136.652431 count=19
-1148.205424 -135.762674 count=20
-1151.431993 -130.236012 count=21
-1150.423767 -130.041528 count=22
-1157.522518 -123.544688 count=23
-1158.961209 -121.928978 count=24
-1159.466884 -119.026609 count=25
-1163.716152 -115.364924 count=26
-1157.395807 -117.558611 count=27
-1152.221654 -115.253401 count=28
-1145.369197 -117.488865 count=29
-1132.915957 -115.880344 count=30
-1130.065921 -114.797282 count=31
-1135.014712 -108.599221 count=32
-1137.857964 -105.610711 count=33
-1127.997431 -103.684608 count=34
-1130.026282 -98.456289 count=35
-1126.890599 -97.548356 count=36
-1128.160632 -94.184798 count=37
-1120.138574 -94.768401 count=38
-1119.931392 -92.135481 count=39
-1114.069380 -89.944941 count=40
-1115.615441 -88.613180 count=41
-1104.183327 -88.563728 count=42
-1101.357739 -86.491560 count=43
-1099.903102 -85.149202 count=44
-1100.087375 -84.863996 count=45
-1098.378600 -87.351547 count=46
-1097.921237 -84.863147 count=47
-1100.971241 -84.346590 count=48
-1100.775597 -84.646140 count=49
-1101.327101 -83.484184 count=50
-1100.295469 -84.604587 count=51
-1105.151463 -84.557884 count=52
-1101.902237 -85.221030 count=53
-1100.406570 -84.225383 count=54
-1094.999975 -86.620377 count=55
-1095.949954 -86.955687 count=56
-1093.228941 -86.471144 count=57
-1091.564480 -86.699847 count=58
-1088.033990 -85.807779 count=59
-1080.974004 -84.685913 count=60
-1075.609596 -87.989637 count=61
-1077.927474 -86.106555 count=62
-1076.356791 -89.629049 count=63
-1071.937320 -88.976020 count=64
-1073.611829 -88.067556 count=65
-1074.062593 -88.174775 count=66
-1073.683285 -88.014765 count=67
-1073.740181 -88.073682 count=68
-1068.651121 -90.557673 count=69
-1070.056249 -88.612157 count=70
-1068.283814 -89.369244 count=71
-1062.649965 -90.947268 count=72
-1061.200744 -91.388118 count=73
-1062.772961 -90.094919 count=74
-1063.980913 -88.667366 count=75
-1065.388372 -88.609550 count=76
-1066.728517 -89.086568 count=77
-1066.157803 -89.788112 count=78
-1070.220476 -89.567495 count=79
-1070.175511 -88.082985 count=80
-1067.674912 -87.453912 count=81
-1069.800942 -88.417566 count=82
-1068.940013 -89.230788 count=83
-1068.795822 -89.613852 count=84
-1069.164211 -88.875765 count=85
-1068.438173 -87.630001 count=86
-1073.284330 -85.756626 count=87
-1071.363502 -86.283243 count=88
-1071.929754 -85.280141 count=89
-1074.374796 -83.537943 count=90
-1070.901147 -86.068969 count=91
-1069.414200 -86.487528 count=92
-1074.783571 -84.230279 count=93
-1071.887995 -85.733954 count=94
-1072.906410 -85.457461 count=95
-1075.509092 -85.088606 count=96
-1072.201295 -86.098709 count=97
-1065.707473 -87.693907 count=98
-1066.200771 -86.335676 count=99
-1064.644185 -87.416264 count=100
-1065.437880 -86.613587 count=101
-1065.949929 -83.718202 count=102
-1064.717982 -86.369123 count=103
-1063.740980 -86.973933 count=104
-1063.634027 -86.167750 count=105
-1063.943318 -85.641011 count=106
-1065.475541 -84.652545 count=107
-1060.900101 -88.308846 count=108
-1064.910816 -87.268207 count=109
-1063.849174 -85.260376 count=110
-1061.416160 -88.033312 count=111
-1065.005110 -86.997731 count=112
-1066.212195 -84.740970 count=113
-1062.560511 -87.342785 count=114
-1060.088764 -88.391130 count=115
-1058.342306 -87.289816 count=116
-1056.246609 -86.293453 count=117
-1060.649592 -86.263601 count=118
-1063.078215 -84.355241 count=119
-1061.399078 -84.577923 count=120
-1063.791064 -82.103495 count=121
-1061.811928 -82.795784 count=122
-1058.955748 -85.214707 count=123
-1056.302211 -84.333325 count=124
-1056.719337 -84.706787 count=125
-1057.594218 -83.757289 count=126
-1058.944274 -83.005092 count=127
-1055.570814 -83.625048 count=128
-1054.865991 -83.848126 count=129
-1053.035935 -84.662843 count=130
-1048.966498 -87.204754 count=131
-1047.764451 -85.790871 count=132
-1047.266644 -86.777022 count=133
-1047.049414 -86.694074 count=134
-1046.579724 -87.561302 count=135
-1050.317516 -84.316231 count=136
-1051.404349 -85.200445 count=137
-1049.512528 -87.111319 count=138
((((((AY001401,AY001403),(((AY001385,AY001387),(AY001398,AY001383)),AY001397)),((((AY001390,AY001402),(AY001405,AY001381)),((AY001400,AY001394),(AY001392,AY001391))),(AY001382,AY001399))),(AY001395,AY001408)),(AY001406,(((AY001389,AY001393),(AY001386,AY001396)),AY001388))),(AY001407,(AY001404,AY001384)))