-12107.068207 -190.560577 count=1
-9565.079370 -195.330442 count=2
-8786.446330 -202.234268 count=3
-7869.963082 -202.386419 count=4
-7325.155862 -209.490796 count=5
-6499.664107 -204.277444 count=6
-6208.333606 -197.716502 count=7
-5764.802222 -201.198970 count=8
-5750.198221 -201.380317 count=9
-5373.146694 -207.864173 count=10
-5258.335114 -202.423297 count=11
-5199.779328 -206.660321 count=12
-5054.745748 -211.074001 count=13
-4973.779148 -218.027475 count=14
-4953.559608 -207.963366 count=15
-4955.683325 -200.476902 count=16
-4919.465673 -209.385765 count=17
-4867.265774 -207.187546 count=18
-4819.676415 -209.253067 count=19
-4772.698380 -200.712527 count=20
-4735.237914 -201.408437 count=21
-4724.777717 -194.907543 count=22
-4699.962915 -200.028028 count=23
-4682.829993 -202.821151 count=24
-4684.407628 -195.119384 count=25
-4651.988744 -202.398985 count=26
-4638.449132 -202.982966 count=27
-4611.771859 -216.625915 count=28
-4600.094259 -219.621167 count=29
-4596.024812 -217.353660 count=30
-4524.838028 -217.909564 count=31
-4489.328550 -223.774229 count=32
-4477.157920 -225.399287 count=33
-4470.664840 -217.705635 count=34
-4478.414081 -200.835415 count=35
-4478.544165 -190.356830 count=36
-4476.660214 -187.882743 count=37
-4473.851336 -183.012444 count=38
-4441.691431 -187.391804 count=39
-4429.665595 -188.466901 count=40
-4394.718890 -179.681162 count=41
-4375.742683 -182.761074 count=42
-4353.444986 -193.630598 count=43
-4345.016913 -198.019882 count=44
-4298.713323 -195.119732 count=45
-4299.575360 -193.876103 count=46
-4223.146949 -194.943669 count=47
-4208.880585 -196.981285 count=48
-4182.562318 -199.111922 count=49
-4183.865365 -196.792687 count=50
-4170.729840 -203.090690 count=51
-4169.129447 -205.013894 count=52
-4152.503904 -201.683703 count=53
-4136.860729 -196.507215 count=54
-4130.852371 -191.562014 count=55
-4129.348745 -186.756311 count=56
-4135.039002 -182.115152 count=57
-4131.324623 -181.523559 count=58
-4113.806482 -186.091629 count=59
-4106.090215 -183.516044 count=60
-4076.162146 -188.528207 count=61
-4070.887815 -184.936724 count=62
-4038.599350 -184.421467 count=63
-4031.192812 -179.908572 count=64
-4019.352854 -182.505242 count=65
-3996.899721 -182.938421 count=66
-3974.598813 -184.443684 count=67
-3970.311235 -186.836131 count=68
-3968.986385 -179.468524 count=69
-3918.998296 -176.848225 count=70
-3906.081495 -179.455334 count=71
-3897.066094 -180.159618 count=72
-3888.335198 -178.116942 count=73
-3885.105441 -175.981744 count=74
-3880.061119 -180.234103 count=75
-3869.819930 -176.928275 count=76
-3866.066389 -170.873254 count=77
-3863.630563 -171.732984 count=78
-3866.192175 -169.609687 count=79
-3860.528115 -169.366957 count=80
-3843.241551 -173.818170 count=81
-3832.939492 -168.023598 count=82
-3828.604292 -170.381919 count=83
-3828.432498 -170.233027 count=84
-3825.472136 -171.477961 count=85
-3826.218057 -170.903980 count=86
-3816.924277 -173.899099 count=87
-3810.959393 -169.238734 count=88
-3805.511241 -171.564066 count=89
-3791.366898 -173.905341 count=90
-3790.065336 -174.492026 count=91
-3785.844344 -172.004189 count=92
-3779.718748 -170.666931 count=93
-3779.061051 -168.363739 count=94
-3770.063019 -170.794521 count=95
(((((((AY000432,AY000461),(((AY000422,AY000448),(((AY000463,AY000456),(AY000423,AY000469)),AY000439)),(AY000464,AY000452))),(AY000466,AY000460)),(AY000467,AY000441)),((AY000425,AY000459),(AY000450,AY000421))),(AY000428,(((AY000427,AY000424),(AY000442,AY000435)),((AY000444,AY000426),(AY000458,AY000429))))),(((AY000438,(((AY000457,AY000431),(((AY000437,AY000468),((AY000443,AY000449),((AY000446,AY000453),((AY000454,AY000447),(AY000430,AY000445))))),(AY000436,AY000440))),(AY000455,AY000462))),(AY000433,AY000465)),AY000434))